{"/Users/ianburke/Documents/GitHub/dad-circles-onboarding/types.ts": {"path":"/Users/ianburke/Documents/GitHub/dad-circles-onboarding/types.ts","statementMap":{"0":{"start":{"line":1,"column":7},"end":{"line":1,"column":null}},"1":{"start":{"line":2,"column":2},"end":{"line":2,"column":null}},"2":{"start":{"line":3,"column":2},"end":{"line":3,"column":null}},"3":{"start":{"line":4,"column":2},"end":{"line":4,"column":null}},"4":{"start":{"line":5,"column":2},"end":{"line":5,"column":null}},"5":{"start":{"line":6,"column":2},"end":{"line":6,"column":null}},"6":{"start":{"line":7,"column":2},"end":{"line":7,"column":null}},"7":{"start":{"line":8,"column":2},"end":{"line":8,"column":null}},"8":{"start":{"line":9,"column":2},"end":{"line":9,"column":null}},"9":{"start":{"line":10,"column":2},"end":{"line":10,"column":null}},"10":{"start":{"line":1,"column":12},"end":{"line":1,"column":null}},"11":{"start":{"line":13,"column":7},"end":{"line":13,"column":null}},"12":{"start":{"line":14,"column":2},"end":{"line":14,"column":null}},"13":{"start":{"line":15,"column":2},"end":{"line":15,"column":null}},"14":{"start":{"line":16,"column":2},"end":{"line":16,"column":null}},"15":{"start":{"line":13,"column":12},"end":{"line":13,"column":null}},"16":{"start":{"line":79,"column":7},"end":{"line":79,"column":null}},"17":{"start":{"line":80,"column":2},"end":{"line":80,"column":null}},"18":{"start":{"line":81,"column":2},"end":{"line":81,"column":null}},"19":{"start":{"line":82,"column":2},"end":{"line":82,"column":null}},"20":{"start":{"line":83,"column":2},"end":{"line":83,"column":null}},"21":{"start":{"line":79,"column":12},"end":{"line":79,"column":null}}},"fnMap":{"0":{"name":"(anonymous_0)","decl":{"start":{"line":1,"column":7},"end":{"line":1,"column":12}},"loc":{"start":{"line":1,"column":7},"end":{"line":1,"column":null}},"line":1},"1":{"name":"(anonymous_1)","decl":{"start":{"line":13,"column":7},"end":{"line":13,"column":12}},"loc":{"start":{"line":13,"column":7},"end":{"line":13,"column":null}},"line":13},"2":{"name":"(anonymous_2)","decl":{"start":{"line":79,"column":7},"end":{"line":79,"column":12}},"loc":{"start":{"line":79,"column":7},"end":{"line":79,"column":null}},"line":79}},"branchMap":{"0":{"loc":{"start":{"line":1,"column":12},"end":{"line":1,"column":null}},"type":"binary-expr","locations":[{"start":{"line":1,"column":12},"end":{"line":1,"column":null}},{"start":{"line":1,"column":12},"end":{"line":1,"column":null}}],"line":1},"1":{"loc":{"start":{"line":13,"column":12},"end":{"line":13,"column":null}},"type":"binary-expr","locations":[{"start":{"line":13,"column":12},"end":{"line":13,"column":null}},{"start":{"line":13,"column":12},"end":{"line":13,"column":null}}],"line":13},"2":{"loc":{"start":{"line":79,"column":12},"end":{"line":79,"column":null}},"type":"binary-expr","locations":[{"start":{"line":79,"column":12},"end":{"line":79,"column":null}},{"start":{"line":79,"column":12},"end":{"line":79,"column":null}}],"line":79}},"s":{"0":3,"1":3,"2":3,"3":3,"4":3,"5":3,"6":3,"7":3,"8":3,"9":3,"10":3,"11":3,"12":3,"13":3,"14":3,"15":3,"16":3,"17":3,"18":3,"19":3,"20":3,"21":3},"f":{"0":3,"1":3,"2":3},"b":{"0":[3,3],"1":[3,3],"2":[3,3]},"meta":{"lastBranch":3,"lastFunction":3,"lastStatement":22,"seen":{"s:1:7:1:Infinity":0,"f:1:7:1:12":0,"s:2:2:2:Infinity":1,"s:3:2:3:Infinity":2,"s:4:2:4:Infinity":3,"s:5:2:5:Infinity":4,"s:6:2:6:Infinity":5,"s:7:2:7:Infinity":6,"s:8:2:8:Infinity":7,"s:9:2:9:Infinity":8,"s:10:2:10:Infinity":9,"s:1:12:1:Infinity":10,"b:1:12:1:Infinity:1:12:1:Infinity":0,"s:13:7:13:Infinity":11,"f:13:7:13:12":1,"s:14:2:14:Infinity":12,"s:15:2:15:Infinity":13,"s:16:2:16:Infinity":14,"s:13:12:13:Infinity":15,"b:13:12:13:Infinity:13:12:13:Infinity":1,"s:79:7:79:Infinity":16,"f:79:7:79:12":2,"s:80:2:80:Infinity":17,"s:81:2:81:Infinity":18,"s:82:2:82:Infinity":19,"s:83:2:83:Infinity":20,"s:79:12:79:Infinity":21,"b:79:12:79:Infinity:79:12:79:Infinity":2}}}
,"/Users/ianburke/Documents/GitHub/dad-circles-onboarding/config/contextConfig.ts": {"path":"/Users/ianburke/Documents/GitHub/dad-circles-onboarding/config/contextConfig.ts","statementMap":{"0":{"start":{"line":8,"column":54},"end":{"line":27,"column":null}},"1":{"start":{"line":30,"column":2},"end":{"line":30,"column":null}}},"fnMap":{"0":{"name":"getContextConfig","decl":{"start":{"line":29,"column":16},"end":{"line":29,"column":33}},"loc":{"start":{"line":29,"column":62},"end":{"line":31,"column":null}},"line":29}},"branchMap":{"0":{"loc":{"start":{"line":30,"column":9},"end":{"line":30,"column":null}},"type":"binary-expr","locations":[{"start":{"line":30,"column":9},"end":{"line":30,"column":33}},{"start":{"line":30,"column":33},"end":{"line":30,"column":null}}],"line":30}},"s":{"0":1,"1":20},"f":{"0":20},"b":{"0":[20,2]},"meta":{"lastBranch":1,"lastFunction":1,"lastStatement":2,"seen":{"s:8:54:27:Infinity":0,"f:29:16:29:33":0,"s:30:2:30:Infinity":1,"b:30:9:30:33:30:33:30:Infinity":0}}}
,"/Users/ianburke/Documents/GitHub/dad-circles-onboarding/services/contextManager.ts": {"path":"/Users/ianburke/Documents/GitHub/dad-circles-onboarding/services/contextManager.ts","statementMap":{"0":{"start":{"line":20,"column":22},"end":{"line":20,"column":45}},"1":{"start":{"line":23,"column":4},"end":{"line":25,"column":null}},"2":{"start":{"line":24,"column":6},"end":{"line":24,"column":null}},"3":{"start":{"line":27,"column":56},"end":{"line":27,"column":null}},"4":{"start":{"line":28,"column":27},"end":{"line":28,"column":null}},"5":{"start":{"line":30,"column":4},"end":{"line":32,"column":null}},"6":{"start":{"line":31,"column":6},"end":{"line":31,"column":null}},"7":{"start":{"line":35,"column":26},"end":{"line":35,"column":null}},"8":{"start":{"line":38,"column":25},"end":{"line":38,"column":null}},"9":{"start":{"line":40,"column":4},"end":{"line":40,"column":null}},"10":{"start":{"line":44,"column":26},"end":{"line":44,"column":null}},"11":{"start":{"line":45,"column":25},"end":{"line":45,"column":null}},"12":{"start":{"line":46,"column":25},"end":{"line":46,"column":null}},"13":{"start":{"line":47,"column":29},"end":{"line":47,"column":null}},"14":{"start":{"line":49,"column":4},"end":{"line":56,"column":null}},"15":{"start":{"line":61,"column":2},"end":{"line":61,"column":null}},"16":{"start":{"line":69,"column":32},"end":{"line":74,"column":null}},"17":{"start":{"line":76,"column":18},"end":{"line":76,"column":null}},"18":{"start":{"line":77,"column":2},"end":{"line":77,"column":null}}},"fnMap":{"0":{"name":"(anonymous_0)","decl":{"start":{"line":20,"column":2},"end":{"line":20,"column":22}},"loc":{"start":{"line":20,"column":45},"end":{"line":20,"column":null}},"line":20},"1":{"name":"(anonymous_1)","decl":{"start":{"line":22,"column":2},"end":{"line":22,"column":15}},"loc":{"start":{"line":22,"column":47},"end":{"line":41,"column":null}},"line":22},"2":{"name":"(anonymous_2)","decl":{"start":{"line":43,"column":2},"end":{"line":43,"column":11}},"loc":{"start":{"line":43,"column":82},"end":{"line":57,"column":null}},"line":43},"3":{"name":"createContextManager","decl":{"start":{"line":60,"column":16},"end":{"line":60,"column":37}},"loc":{"start":{"line":60,"column":76},"end":{"line":62,"column":null}},"line":60},"4":{"name":"limitMessageContext","decl":{"start":{"line":65,"column":16},"end":{"line":65,"column":null}},"loc":{"start":{"line":68,"column":13},"end":{"line":78,"column":null}},"line":68}},"branchMap":{"0":{"loc":{"start":{"line":23,"column":4},"end":{"line":25,"column":null}},"type":"if","locations":[{"start":{"line":23,"column":4},"end":{"line":25,"column":null}},{"start":{},"end":{}}],"line":23},"1":{"loc":{"start":{"line":30,"column":4},"end":{"line":32,"column":null}},"type":"if","locations":[{"start":{"line":30,"column":4},"end":{"line":32,"column":null}},{"start":{},"end":{}}],"line":30},"2":{"loc":{"start":{"line":71,"column":24},"end":{"line":71,"column":null}},"type":"binary-expr","locations":[{"start":{"line":71,"column":24},"end":{"line":71,"column":49}},{"start":{"line":71,"column":49},"end":{"line":71,"column":null}}],"line":71},"3":{"loc":{"start":{"line":72,"column":25},"end":{"line":72,"column":null}},"type":"binary-expr","locations":[{"start":{"line":72,"column":25},"end":{"line":72,"column":51}},{"start":{"line":72,"column":51},"end":{"line":72,"column":null}}],"line":72},"4":{"loc":{"start":{"line":72,"column":86},"end":{"line":72,"column":113}},"type":"binary-expr","locations":[{"start":{"line":72,"column":86},"end":{"line":72,"column":111}},{"start":{"line":72,"column":111},"end":{"line":72,"column":113}}],"line":72}},"s":{"0":14,"1":12,"2":7,"3":5,"4":5,"5":5,"6":0,"7":5,"8":5,"9":5,"10":4,"11":4,"12":4,"13":4,"14":4,"15":14,"16":3,"17":3,"18":3},"f":{"0":14,"1":12,"2":4,"3":14,"4":3},"b":{"0":[7,5],"1":[0,5],"2":[3,1],"3":[3,1],"4":[1,1]},"meta":{"lastBranch":5,"lastFunction":5,"lastStatement":19,"seen":{"f:20:2:20:22":0,"s:20:22:20:45":0,"f:22:2:22:15":1,"b:23:4:25:Infinity:undefined:undefined:undefined:undefined":0,"s:23:4:25:Infinity":1,"s:24:6:24:Infinity":2,"s:27:56:27:Infinity":3,"s:28:27:28:Infinity":4,"b:30:4:32:Infinity:undefined:undefined:undefined:undefined":1,"s:30:4:32:Infinity":5,"s:31:6:31:Infinity":6,"s:35:26:35:Infinity":7,"s:38:25:38:Infinity":8,"s:40:4:40:Infinity":9,"f:43:2:43:11":2,"s:44:26:44:Infinity":10,"s:45:25:45:Infinity":11,"s:46:25:46:Infinity":12,"s:47:29:47:Infinity":13,"s:49:4:56:Infinity":14,"f:60:16:60:37":3,"s:61:2:61:Infinity":15,"f:65:16:65:Infinity":4,"s:69:32:74:Infinity":16,"b:71:24:71:49:71:49:71:Infinity":2,"b:72:25:72:51:72:51:72:Infinity":3,"b:72:86:72:111:72:111:72:113":4,"s:76:18:76:Infinity":17,"s:77:2:77:Infinity":18}}}
,"/Users/ianburke/Documents/GitHub/dad-circles-onboarding/services/geminiService.ts": {"path":"/Users/ianburke/Documents/GitHub/dad-circles-onboarding/services/geminiService.ts","statementMap":{"0":{"start":{"line":6,"column":14},"end":{"line":6,"column":null}},"1":{"start":{"line":8,"column":18},"end":{"line":17,"column":null}},"2":{"start":{"line":9,"column":17},"end":{"line":9,"column":null}},"3":{"start":{"line":11,"column":2},"end":{"line":14,"column":null}},"4":{"start":{"line":12,"column":4},"end":{"line":12,"column":null}},"5":{"start":{"line":13,"column":4},"end":{"line":13,"column":null}},"6":{"start":{"line":16,"column":2},"end":{"line":16,"column":null}},"7":{"start":{"line":20,"column":30},"end":{"line":25,"column":null}},"8":{"start":{"line":21,"column":14},"end":{"line":21,"column":null}},"9":{"start":{"line":22,"column":17},"end":{"line":23,"column":null}},"10":{"start":{"line":24,"column":2},"end":{"line":24,"column":null}},"11":{"start":{"line":27,"column":22},"end":{"line":29,"column":null}},"12":{"start":{"line":111,"column":26},"end":{"line":111,"column":null}},"13":{"start":{"line":139,"column":32},"end":{"line":646,"column":null}},"14":{"start":{"line":140,"column":23},"end":{"line":140,"column":null}},"15":{"start":{"line":141,"column":2},"end":{"line":141,"column":null}},"16":{"start":{"line":141,"column":13},"end":{"line":141,"column":null}},"17":{"start":{"line":144,"column":20},"end":{"line":144,"column":null}},"18":{"start":{"line":147,"column":20},"end":{"line":147,"column":null}},"19":{"start":{"line":148,"column":8},"end":{"line":152,"column":null}},"20":{"start":{"line":153,"column":25},"end":{"line":153,"column":null}},"21":{"start":{"line":154,"column":2},"end":{"line":154,"column":null}},"22":{"start":{"line":154,"column":13},"end":{"line":154,"column":null}},"23":{"start":{"line":157,"column":2},"end":{"line":172,"column":null}},"24":{"start":{"line":158,"column":4},"end":{"line":171,"column":null}},"25":{"start":{"line":174,"column":30},"end":{"line":174,"column":null}},"26":{"start":{"line":174,"column":54},"end":{"line":174,"column":79}},"27":{"start":{"line":177,"column":23},"end":{"line":177,"column":null}},"28":{"start":{"line":179,"column":21},"end":{"line":185,"column":null}},"29":{"start":{"line":237,"column":17},"end":{"line":237,"column":null}},"30":{"start":{"line":238,"column":2},"end":{"line":240,"column":null}},"31":{"start":{"line":239,"column":4},"end":{"line":239,"column":null}},"32":{"start":{"line":243,"column":23},"end":{"line":243,"column":null}},"33":{"start":{"line":246,"column":25},"end":{"line":250,"column":null}},"34":{"start":{"line":252,"column":18},"end":{"line":252,"column":null}},"35":{"start":{"line":253,"column":29},"end":{"line":253,"column":null}},"36":{"start":{"line":256,"column":2},"end":{"line":452,"column":null}},"37":{"start":{"line":256,"column":21},"end":{"line":256,"column":24}},"38":{"start":{"line":257,"column":4},"end":{"line":257,"column":null}},"39":{"start":{"line":257,"column":15},"end":{"line":257,"column":null}},"40":{"start":{"line":258,"column":25},"end":{"line":258,"column":null}},"41":{"start":{"line":260,"column":4},"end":{"line":451,"column":null}},"42":{"start":{"line":261,"column":21},"end":{"line":261,"column":null}},"43":{"start":{"line":263,"column":25},"end":{"line":263,"column":null}},"44":{"start":{"line":264,"column":23},"end":{"line":283,"column":null}},"45":{"start":{"line":284,"column":6},"end":{"line":284,"column":null}},"46":{"start":{"line":284,"column":17},"end":{"line":284,"column":null}},"47":{"start":{"line":286,"column":6},"end":{"line":295,"column":null}},"48":{"start":{"line":287,"column":8},"end":{"line":287,"column":null}},"49":{"start":{"line":287,"column":19},"end":{"line":287,"column":null}},"50":{"start":{"line":288,"column":8},"end":{"line":291,"column":null}},"51":{"start":{"line":289,"column":10},"end":{"line":289,"column":null}},"52":{"start":{"line":289,"column":21},"end":{"line":289,"column":null}},"53":{"start":{"line":290,"column":10},"end":{"line":290,"column":null}},"54":{"start":{"line":293,"column":8},"end":{"line":293,"column":null}},"55":{"start":{"line":293,"column":37},"end":{"line":293,"column":72}},"56":{"start":{"line":294,"column":8},"end":{"line":294,"column":null}},"57":{"start":{"line":297,"column":6},"end":{"line":312,"column":null}},"58":{"start":{"line":298,"column":26},"end":{"line":298,"column":null}},"59":{"start":{"line":299,"column":8},"end":{"line":299,"column":null}},"60":{"start":{"line":301,"column":8},"end":{"line":304,"column":null}},"61":{"start":{"line":302,"column":10},"end":{"line":302,"column":null}},"62":{"start":{"line":302,"column":21},"end":{"line":302,"column":null}},"63":{"start":{"line":303,"column":10},"end":{"line":303,"column":null}},"64":{"start":{"line":306,"column":8},"end":{"line":306,"column":null}},"65":{"start":{"line":307,"column":8},"end":{"line":310,"column":null}},"66":{"start":{"line":308,"column":10},"end":{"line":308,"column":null}},"67":{"start":{"line":308,"column":21},"end":{"line":308,"column":null}},"68":{"start":{"line":309,"column":10},"end":{"line":309,"column":null}},"69":{"start":{"line":311,"column":8},"end":{"line":311,"column":null}},"70":{"start":{"line":314,"column":19},"end":{"line":314,"column":null}},"71":{"start":{"line":315,"column":6},"end":{"line":315,"column":null}},"72":{"start":{"line":315,"column":17},"end":{"line":315,"column":null}},"73":{"start":{"line":318,"column":25},"end":{"line":318,"column":null}},"74":{"start":{"line":320,"column":6},"end":{"line":343,"column":null}},"75":{"start":{"line":321,"column":26},"end":{"line":321,"column":null}},"76":{"start":{"line":324,"column":8},"end":{"line":342,"column":null}},"77":{"start":{"line":325,"column":10},"end":{"line":325,"column":null}},"78":{"start":{"line":326,"column":8},"end":{"line":342,"column":null}},"79":{"start":{"line":329,"column":10},"end":{"line":329,"column":null}},"80":{"start":{"line":330,"column":8},"end":{"line":342,"column":null}},"81":{"start":{"line":333,"column":10},"end":{"line":333,"column":null}},"82":{"start":{"line":334,"column":8},"end":{"line":342,"column":null}},"83":{"start":{"line":337,"column":10},"end":{"line":337,"column":null}},"84":{"start":{"line":338,"column":8},"end":{"line":342,"column":null}},"85":{"start":{"line":341,"column":10},"end":{"line":341,"column":null}},"86":{"start":{"line":345,"column":6},"end":{"line":441,"column":null}},"87":{"start":{"line":346,"column":8},"end":{"line":346,"column":null}},"88":{"start":{"line":346,"column":19},"end":{"line":346,"column":null}},"89":{"start":{"line":348,"column":8},"end":{"line":348,"column":null}},"90":{"start":{"line":349,"column":8},"end":{"line":349,"column":null}},"91":{"start":{"line":349,"column":19},"end":{"line":349,"column":null}},"92":{"start":{"line":351,"column":8},"end":{"line":433,"column":null}},"93":{"start":{"line":352,"column":10},"end":{"line":359,"column":null}},"94":{"start":{"line":353,"column":12},"end":{"line":353,"column":null}},"95":{"start":{"line":353,"column":23},"end":{"line":353,"column":null}},"96":{"start":{"line":354,"column":12},"end":{"line":357,"column":null}},"97":{"start":{"line":355,"column":14},"end":{"line":355,"column":null}},"98":{"start":{"line":355,"column":25},"end":{"line":355,"column":null}},"99":{"start":{"line":356,"column":14},"end":{"line":356,"column":null}},"100":{"start":{"line":358,"column":12},"end":{"line":358,"column":null}},"101":{"start":{"line":361,"column":25},"end":{"line":361,"column":null}},"102":{"start":{"line":364,"column":10},"end":{"line":366,"column":null}},"103":{"start":{"line":365,"column":12},"end":{"line":365,"column":null}},"104":{"start":{"line":368,"column":10},"end":{"line":389,"column":null}},"105":{"start":{"line":369,"column":12},"end":{"line":369,"column":null}},"106":{"start":{"line":369,"column":23},"end":{"line":369,"column":null}},"107":{"start":{"line":371,"column":31},"end":{"line":374,"column":null}},"108":{"start":{"line":376,"column":12},"end":{"line":385,"column":null}},"109":{"start":{"line":387,"column":12},"end":{"line":387,"column":null}},"110":{"start":{"line":388,"column":12},"end":{"line":388,"column":null}},"111":{"start":{"line":388,"column":23},"end":{"line":388,"column":null}},"112":{"start":{"line":391,"column":10},"end":{"line":391,"column":null}},"113":{"start":{"line":391,"column":21},"end":{"line":391,"column":null}},"114":{"start":{"line":392,"column":10},"end":{"line":392,"column":null}},"115":{"start":{"line":392,"column":21},"end":{"line":392,"column":null}},"116":{"start":{"line":393,"column":10},"end":{"line":393,"column":null}},"117":{"start":{"line":396,"column":10},"end":{"line":396,"column":null}},"118":{"start":{"line":396,"column":21},"end":{"line":396,"column":null}},"119":{"start":{"line":398,"column":26},"end":{"line":401,"column":null}},"120":{"start":{"line":403,"column":10},"end":{"line":432,"column":null}},"121":{"start":{"line":404,"column":27},"end":{"line":404,"column":null}},"122":{"start":{"line":406,"column":12},"end":{"line":421,"column":null}},"123":{"start":{"line":407,"column":33},"end":{"line":410,"column":null}},"124":{"start":{"line":412,"column":14},"end":{"line":418,"column":null}},"125":{"start":{"line":420,"column":14},"end":{"line":420,"column":null}},"126":{"start":{"line":423,"column":12},"end":{"line":423,"column":null}},"127":{"start":{"line":423,"column":23},"end":{"line":423,"column":null}},"128":{"start":{"line":424,"column":12},"end":{"line":424,"column":null}},"129":{"start":{"line":426,"column":12},"end":{"line":426,"column":null}},"130":{"start":{"line":427,"column":12},"end":{"line":430,"column":null}},"131":{"start":{"line":428,"column":14},"end":{"line":428,"column":null}},"132":{"start":{"line":428,"column":25},"end":{"line":428,"column":null}},"133":{"start":{"line":429,"column":14},"end":{"line":429,"column":null}},"134":{"start":{"line":431,"column":12},"end":{"line":431,"column":null}},"135":{"start":{"line":435,"column":8},"end":{"line":435,"column":null}},"136":{"start":{"line":436,"column":8},"end":{"line":439,"column":null}},"137":{"start":{"line":437,"column":10},"end":{"line":437,"column":null}},"138":{"start":{"line":437,"column":21},"end":{"line":437,"column":null}},"139":{"start":{"line":438,"column":10},"end":{"line":438,"column":null}},"140":{"start":{"line":440,"column":8},"end":{"line":440,"column":null}},"141":{"start":{"line":443,"column":6},"end":{"line":443,"column":null}},"142":{"start":{"line":444,"column":6},"end":{"line":444,"column":null}},"143":{"start":{"line":445,"column":6},"end":{"line":448,"column":null}},"144":{"start":{"line":446,"column":8},"end":{"line":446,"column":null}},"145":{"start":{"line":446,"column":19},"end":{"line":446,"column":null}},"146":{"start":{"line":447,"column":8},"end":{"line":447,"column":null}},"147":{"start":{"line":450,"column":6},"end":{"line":450,"column":null}},"148":{"start":{"line":450,"column":35},"end":{"line":450,"column":70}},"149":{"start":{"line":455,"column":2},"end":{"line":455,"column":null}},"150":{"start":{"line":455,"column":13},"end":{"line":455,"column":null}},"151":{"start":{"line":457,"column":2},"end":{"line":641,"column":null}},"152":{"start":{"line":457,"column":15},"end":{"line":457,"column":18}},"153":{"start":{"line":458,"column":37},"end":{"line":458,"column":null}},"154":{"start":{"line":459,"column":4},"end":{"line":459,"column":null}},"155":{"start":{"line":459,"column":15},"end":{"line":459,"column":null}},"156":{"start":{"line":461,"column":4},"end":{"line":640,"column":null}},"157":{"start":{"line":462,"column":21},"end":{"line":462,"column":null}},"158":{"start":{"line":466,"column":29},"end":{"line":466,"column":null}},"159":{"start":{"line":468,"column":23},"end":{"line":487,"column":null}},"160":{"start":{"line":489,"column":6},"end":{"line":489,"column":null}},"161":{"start":{"line":489,"column":17},"end":{"line":489,"column":null}},"162":{"start":{"line":491,"column":6},"end":{"line":497,"column":null}},"163":{"start":{"line":492,"column":8},"end":{"line":492,"column":null}},"164":{"start":{"line":492,"column":19},"end":{"line":492,"column":null}},"165":{"start":{"line":493,"column":8},"end":{"line":495,"column":null}},"166":{"start":{"line":494,"column":10},"end":{"line":494,"column":null}},"167":{"start":{"line":496,"column":8},"end":{"line":496,"column":null}},"168":{"start":{"line":499,"column":6},"end":{"line":516,"column":null}},"169":{"start":{"line":500,"column":26},"end":{"line":500,"column":null}},"170":{"start":{"line":501,"column":8},"end":{"line":501,"column":null}},"171":{"start":{"line":503,"column":8},"end":{"line":509,"column":null}},"172":{"start":{"line":504,"column":10},"end":{"line":504,"column":null}},"173":{"start":{"line":504,"column":21},"end":{"line":504,"column":null}},"174":{"start":{"line":505,"column":10},"end":{"line":507,"column":null}},"175":{"start":{"line":506,"column":12},"end":{"line":506,"column":null}},"176":{"start":{"line":508,"column":10},"end":{"line":508,"column":null}},"177":{"start":{"line":511,"column":8},"end":{"line":511,"column":null}},"178":{"start":{"line":512,"column":8},"end":{"line":514,"column":null}},"179":{"start":{"line":513,"column":10},"end":{"line":513,"column":null}},"180":{"start":{"line":515,"column":8},"end":{"line":515,"column":null}},"181":{"start":{"line":518,"column":19},"end":{"line":518,"column":null}},"182":{"start":{"line":519,"column":6},"end":{"line":519,"column":null}},"183":{"start":{"line":519,"column":17},"end":{"line":519,"column":null}},"184":{"start":{"line":522,"column":25},"end":{"line":522,"column":null}},"185":{"start":{"line":524,"column":6},"end":{"line":539,"column":null}},"186":{"start":{"line":525,"column":26},"end":{"line":525,"column":null}},"187":{"start":{"line":528,"column":8},"end":{"line":538,"column":null}},"188":{"start":{"line":529,"column":10},"end":{"line":529,"column":null}},"189":{"start":{"line":530,"column":8},"end":{"line":538,"column":null}},"190":{"start":{"line":533,"column":10},"end":{"line":533,"column":null}},"191":{"start":{"line":534,"column":8},"end":{"line":538,"column":null}},"192":{"start":{"line":537,"column":10},"end":{"line":537,"column":null}},"193":{"start":{"line":541,"column":6},"end":{"line":633,"column":null}},"194":{"start":{"line":542,"column":8},"end":{"line":542,"column":null}},"195":{"start":{"line":542,"column":19},"end":{"line":542,"column":null}},"196":{"start":{"line":544,"column":8},"end":{"line":544,"column":null}},"197":{"start":{"line":545,"column":8},"end":{"line":545,"column":null}},"198":{"start":{"line":545,"column":19},"end":{"line":545,"column":null}},"199":{"start":{"line":547,"column":8},"end":{"line":626,"column":null}},"200":{"start":{"line":548,"column":10},"end":{"line":554,"column":null}},"201":{"start":{"line":549,"column":12},"end":{"line":549,"column":null}},"202":{"start":{"line":549,"column":23},"end":{"line":549,"column":null}},"203":{"start":{"line":550,"column":12},"end":{"line":552,"column":null}},"204":{"start":{"line":551,"column":14},"end":{"line":551,"column":null}},"205":{"start":{"line":553,"column":12},"end":{"line":553,"column":null}},"206":{"start":{"line":556,"column":25},"end":{"line":556,"column":null}},"207":{"start":{"line":559,"column":10},"end":{"line":561,"column":null}},"208":{"start":{"line":560,"column":12},"end":{"line":560,"column":null}},"209":{"start":{"line":563,"column":10},"end":{"line":584,"column":null}},"210":{"start":{"line":564,"column":12},"end":{"line":564,"column":null}},"211":{"start":{"line":564,"column":23},"end":{"line":564,"column":null}},"212":{"start":{"line":566,"column":31},"end":{"line":569,"column":null}},"213":{"start":{"line":571,"column":12},"end":{"line":580,"column":null}},"214":{"start":{"line":582,"column":12},"end":{"line":582,"column":null}},"215":{"start":{"line":583,"column":12},"end":{"line":583,"column":null}},"216":{"start":{"line":583,"column":23},"end":{"line":583,"column":null}},"217":{"start":{"line":586,"column":10},"end":{"line":586,"column":null}},"218":{"start":{"line":586,"column":21},"end":{"line":586,"column":null}},"219":{"start":{"line":587,"column":10},"end":{"line":587,"column":null}},"220":{"start":{"line":590,"column":10},"end":{"line":590,"column":null}},"221":{"start":{"line":590,"column":21},"end":{"line":590,"column":null}},"222":{"start":{"line":592,"column":26},"end":{"line":595,"column":null}},"223":{"start":{"line":597,"column":10},"end":{"line":625,"column":null}},"224":{"start":{"line":598,"column":27},"end":{"line":598,"column":null}},"225":{"start":{"line":600,"column":12},"end":{"line":615,"column":null}},"226":{"start":{"line":601,"column":33},"end":{"line":604,"column":null}},"227":{"start":{"line":606,"column":14},"end":{"line":612,"column":null}},"228":{"start":{"line":614,"column":14},"end":{"line":614,"column":null}},"229":{"start":{"line":617,"column":12},"end":{"line":617,"column":null}},"230":{"start":{"line":617,"column":23},"end":{"line":617,"column":null}},"231":{"start":{"line":618,"column":12},"end":{"line":618,"column":null}},"232":{"start":{"line":620,"column":12},"end":{"line":620,"column":null}},"233":{"start":{"line":621,"column":12},"end":{"line":623,"column":null}},"234":{"start":{"line":622,"column":14},"end":{"line":622,"column":null}},"235":{"start":{"line":624,"column":12},"end":{"line":624,"column":null}},"236":{"start":{"line":628,"column":8},"end":{"line":628,"column":null}},"237":{"start":{"line":629,"column":8},"end":{"line":631,"column":null}},"238":{"start":{"line":630,"column":10},"end":{"line":630,"column":null}},"239":{"start":{"line":632,"column":8},"end":{"line":632,"column":null}},"240":{"start":{"line":635,"column":6},"end":{"line":635,"column":null}},"241":{"start":{"line":636,"column":6},"end":{"line":636,"column":null}},"242":{"start":{"line":637,"column":6},"end":{"line":639,"column":null}},"243":{"start":{"line":638,"column":8},"end":{"line":638,"column":null}},"244":{"start":{"line":644,"column":2},"end":{"line":644,"column":null}},"245":{"start":{"line":645,"column":2},"end":{"line":645,"column":null}},"246":{"start":{"line":648,"column":31},"end":{"line":738,"column":null}},"247":{"start":{"line":649,"column":2},"end":{"line":649,"column":null}},"248":{"start":{"line":649,"column":13},"end":{"line":649,"column":null}},"249":{"start":{"line":651,"column":2},"end":{"line":737,"column":null}},"250":{"start":{"line":653,"column":6},"end":{"line":657,"column":null}},"251":{"start":{"line":660,"column":6},"end":{"line":664,"column":null}},"252":{"start":{"line":667,"column":6},"end":{"line":671,"column":null}},"253":{"start":{"line":674,"column":6},"end":{"line":678,"column":null}},"254":{"start":{"line":681,"column":6},"end":{"line":685,"column":null}},"255":{"start":{"line":688,"column":6},"end":{"line":692,"column":null}},"256":{"start":{"line":695,"column":6},"end":{"line":699,"column":null}},"257":{"start":{"line":702,"column":23},"end":{"line":702,"column":null}},"258":{"start":{"line":703,"column":21},"end":{"line":703,"column":null}},"259":{"start":{"line":703,"column":49},"end":{"line":703,"column":71}},"260":{"start":{"line":705,"column":26},"end":{"line":705,"column":null}},"261":{"start":{"line":706,"column":27},"end":{"line":713,"column":null}},"262":{"start":{"line":708,"column":29},"end":{"line":708,"column":null}},"263":{"start":{"line":709,"column":29},"end":{"line":709,"column":null}},"264":{"start":{"line":710,"column":29},"end":{"line":710,"column":null}},"265":{"start":{"line":711,"column":10},"end":{"line":711,"column":null}},"266":{"start":{"line":715,"column":24},"end":{"line":715,"column":null}},"267":{"start":{"line":716,"column":23},"end":{"line":716,"column":null}},"268":{"start":{"line":718,"column":6},"end":{"line":722,"column":null}},"269":{"start":{"line":725,"column":6},"end":{"line":729,"column":null}},"270":{"start":{"line":732,"column":6},"end":{"line":736,"column":null}}},"fnMap":{"0":{"name":"(anonymous_0)","decl":{"start":{"line":8,"column":18},"end":{"line":8,"column":24}},"loc":{"start":{"line":8,"column":24},"end":{"line":17,"column":null}},"line":8},"1":{"name":"(anonymous_1)","decl":{"start":{"line":20,"column":30},"end":{"line":20,"column":36}},"loc":{"start":{"line":20,"column":36},"end":{"line":25,"column":null}},"line":20},"2":{"name":"(anonymous_2)","decl":{"start":{"line":139,"column":32},"end":{"line":139,"column":39}},"loc":{"start":{"line":139,"column":84},"end":{"line":646,"column":null}},"line":139},"3":{"name":"(anonymous_3)","decl":{"start":{"line":174,"column":49},"end":{"line":174,"column":54}},"loc":{"start":{"line":174,"column":54},"end":{"line":174,"column":79}},"line":174},"4":{"name":"(anonymous_4)","decl":{"start":{"line":293,"column":26},"end":{"line":293,"column":37}},"loc":{"start":{"line":293,"column":37},"end":{"line":293,"column":72}},"line":293},"5":{"name":"(anonymous_5)","decl":{"start":{"line":450,"column":24},"end":{"line":450,"column":35}},"loc":{"start":{"line":450,"column":35},"end":{"line":450,"column":70}},"line":450},"6":{"name":"(anonymous_6)","decl":{"start":{"line":648,"column":31},"end":{"line":648,"column":32}},"loc":{"start":{"line":648,"column":77},"end":{"line":738,"column":null}},"line":648},"7":{"name":"(anonymous_7)","decl":{"start":{"line":703,"column":44},"end":{"line":703,"column":49}},"loc":{"start":{"line":703,"column":49},"end":{"line":703,"column":71}},"line":703},"8":{"name":"(anonymous_8)","decl":{"start":{"line":707,"column":24},"end":{"line":707,"column":33}},"loc":{"start":{"line":707,"column":33},"end":{"line":712,"column":9}},"line":707}},"branchMap":{"0":{"loc":{"start":{"line":11,"column":2},"end":{"line":14,"column":null}},"type":"if","locations":[{"start":{"line":11,"column":2},"end":{"line":14,"column":null}},{"start":{},"end":{}}],"line":11},"1":{"loc":{"start":{"line":24,"column":223},"end":{"line":24,"column":286}},"type":"cond-expr","locations":[{"start":{"line":24,"column":245},"end":{"line":24,"column":269}},{"start":{"line":24,"column":269},"end":{"line":24,"column":286}}],"line":24},"2":{"loc":{"start":{"line":141,"column":2},"end":{"line":141,"column":null}},"type":"if","locations":[{"start":{"line":141,"column":2},"end":{"line":141,"column":null}},{"start":{},"end":{}}],"line":141},"3":{"loc":{"start":{"line":144,"column":20},"end":{"line":144,"column":null}},"type":"binary-expr","locations":[{"start":{"line":144,"column":20},"end":{"line":144,"column":75}},{"start":{"line":144,"column":75},"end":{"line":144,"column":null}}],"line":144},"4":{"loc":{"start":{"line":154,"column":2},"end":{"line":154,"column":null}},"type":"if","locations":[{"start":{"line":154,"column":2},"end":{"line":154,"column":null}},{"start":{},"end":{}}],"line":154},"5":{"loc":{"start":{"line":157,"column":2},"end":{"line":172,"column":null}},"type":"if","locations":[{"start":{"line":157,"column":2},"end":{"line":172,"column":null}},{"start":{},"end":{}}],"line":157},"6":{"loc":{"start":{"line":177,"column":23},"end":{"line":177,"column":null}},"type":"cond-expr","locations":[{"start":{"line":177,"column":35},"end":{"line":177,"column":55}},{"start":{"line":177,"column":55},"end":{"line":177,"column":null}}],"line":177},"7":{"loc":{"start":{"line":238,"column":2},"end":{"line":240,"column":null}},"type":"if","locations":[{"start":{"line":238,"column":2},"end":{"line":240,"column":null}},{"start":{},"end":{}}],"line":238},"8":{"loc":{"start":{"line":257,"column":4},"end":{"line":257,"column":null}},"type":"if","locations":[{"start":{"line":257,"column":4},"end":{"line":257,"column":null}},{"start":{},"end":{}}],"line":257},"9":{"loc":{"start":{"line":284,"column":6},"end":{"line":284,"column":null}},"type":"if","locations":[{"start":{"line":284,"column":6},"end":{"line":284,"column":null}},{"start":{},"end":{}}],"line":284},"10":{"loc":{"start":{"line":286,"column":6},"end":{"line":295,"column":null}},"type":"if","locations":[{"start":{"line":286,"column":6},"end":{"line":295,"column":null}},{"start":{},"end":{}}],"line":286},"11":{"loc":{"start":{"line":286,"column":10},"end":{"line":286,"column":62}},"type":"binary-expr","locations":[{"start":{"line":286,"column":10},"end":{"line":286,"column":37}},{"start":{"line":286,"column":37},"end":{"line":286,"column":62}}],"line":286},"12":{"loc":{"start":{"line":287,"column":8},"end":{"line":287,"column":null}},"type":"if","locations":[{"start":{"line":287,"column":8},"end":{"line":287,"column":null}},{"start":{},"end":{}}],"line":287},"13":{"loc":{"start":{"line":288,"column":8},"end":{"line":291,"column":null}},"type":"if","locations":[{"start":{"line":288,"column":8},"end":{"line":291,"column":null}},{"start":{},"end":{}}],"line":288},"14":{"loc":{"start":{"line":289,"column":10},"end":{"line":289,"column":null}},"type":"if","locations":[{"start":{"line":289,"column":10},"end":{"line":289,"column":null}},{"start":{},"end":{}}],"line":289},"15":{"loc":{"start":{"line":297,"column":6},"end":{"line":312,"column":null}},"type":"if","locations":[{"start":{"line":297,"column":6},"end":{"line":312,"column":null}},{"start":{},"end":{}}],"line":297},"16":{"loc":{"start":{"line":301,"column":8},"end":{"line":304,"column":null}},"type":"if","locations":[{"start":{"line":301,"column":8},"end":{"line":304,"column":null}},{"start":{},"end":{}}],"line":301},"17":{"loc":{"start":{"line":301,"column":12},"end":{"line":301,"column":146}},"type":"binary-expr","locations":[{"start":{"line":301,"column":12},"end":{"line":301,"column":40}},{"start":{"line":301,"column":40},"end":{"line":301,"column":71}},{"start":{"line":301,"column":71},"end":{"line":301,"column":104}},{"start":{"line":301,"column":104},"end":{"line":301,"column":146}}],"line":301},"18":{"loc":{"start":{"line":302,"column":10},"end":{"line":302,"column":null}},"type":"if","locations":[{"start":{"line":302,"column":10},"end":{"line":302,"column":null}},{"start":{},"end":{}}],"line":302},"19":{"loc":{"start":{"line":307,"column":8},"end":{"line":310,"column":null}},"type":"if","locations":[{"start":{"line":307,"column":8},"end":{"line":310,"column":null}},{"start":{},"end":{}}],"line":307},"20":{"loc":{"start":{"line":308,"column":10},"end":{"line":308,"column":null}},"type":"if","locations":[{"start":{"line":308,"column":10},"end":{"line":308,"column":null}},{"start":{},"end":{}}],"line":308},"21":{"loc":{"start":{"line":315,"column":6},"end":{"line":315,"column":null}},"type":"if","locations":[{"start":{"line":315,"column":6},"end":{"line":315,"column":null}},{"start":{},"end":{}}],"line":315},"22":{"loc":{"start":{"line":320,"column":6},"end":{"line":343,"column":null}},"type":"if","locations":[{"start":{"line":320,"column":6},"end":{"line":343,"column":null}},{"start":{},"end":{}}],"line":320},"23":{"loc":{"start":{"line":320,"column":10},"end":{"line":320,"column":57}},"type":"binary-expr","locations":[{"start":{"line":320,"column":10},"end":{"line":320,"column":29}},{"start":{"line":320,"column":29},"end":{"line":320,"column":57}}],"line":320},"24":{"loc":{"start":{"line":324,"column":8},"end":{"line":342,"column":null}},"type":"if","locations":[{"start":{"line":324,"column":8},"end":{"line":342,"column":null}},{"start":{"line":326,"column":8},"end":{"line":342,"column":null}}],"line":324},"25":{"loc":{"start":{"line":326,"column":8},"end":{"line":342,"column":null}},"type":"if","locations":[{"start":{"line":326,"column":8},"end":{"line":342,"column":null}},{"start":{"line":330,"column":8},"end":{"line":342,"column":null}}],"line":326},"26":{"loc":{"start":{"line":328,"column":17},"end":{"line":328,"column":101}},"type":"binary-expr","locations":[{"start":{"line":328,"column":17},"end":{"line":328,"column":38}},{"start":{"line":328,"column":38},"end":{"line":328,"column":65}},{"start":{"line":328,"column":65},"end":{"line":328,"column":101}}],"line":328},"27":{"loc":{"start":{"line":330,"column":8},"end":{"line":342,"column":null}},"type":"if","locations":[{"start":{"line":330,"column":8},"end":{"line":342,"column":null}},{"start":{"line":334,"column":8},"end":{"line":342,"column":null}}],"line":330},"28":{"loc":{"start":{"line":332,"column":17},"end":{"line":332,"column":64}},"type":"binary-expr","locations":[{"start":{"line":332,"column":17},"end":{"line":332,"column":36}},{"start":{"line":332,"column":36},"end":{"line":332,"column":64}}],"line":332},"29":{"loc":{"start":{"line":334,"column":8},"end":{"line":342,"column":null}},"type":"if","locations":[{"start":{"line":334,"column":8},"end":{"line":342,"column":null}},{"start":{"line":338,"column":8},"end":{"line":342,"column":null}}],"line":334},"30":{"loc":{"start":{"line":338,"column":8},"end":{"line":342,"column":null}},"type":"if","locations":[{"start":{"line":338,"column":8},"end":{"line":342,"column":null}},{"start":{},"end":{}}],"line":338},"31":{"loc":{"start":{"line":345,"column":6},"end":{"line":441,"column":null}},"type":"if","locations":[{"start":{"line":345,"column":6},"end":{"line":441,"column":null}},{"start":{"line":434,"column":13},"end":{"line":441,"column":null}}],"line":345},"32":{"loc":{"start":{"line":346,"column":8},"end":{"line":346,"column":null}},"type":"if","locations":[{"start":{"line":346,"column":8},"end":{"line":346,"column":null}},{"start":{},"end":{}}],"line":346},"33":{"loc":{"start":{"line":349,"column":8},"end":{"line":349,"column":null}},"type":"if","locations":[{"start":{"line":349,"column":8},"end":{"line":349,"column":null}},{"start":{},"end":{}}],"line":349},"34":{"loc":{"start":{"line":352,"column":10},"end":{"line":359,"column":null}},"type":"if","locations":[{"start":{"line":352,"column":10},"end":{"line":359,"column":null}},{"start":{},"end":{}}],"line":352},"35":{"loc":{"start":{"line":352,"column":14},"end":{"line":352,"column":59}},"type":"binary-expr","locations":[{"start":{"line":352,"column":14},"end":{"line":352,"column":31}},{"start":{"line":352,"column":31},"end":{"line":352,"column":59}}],"line":352},"36":{"loc":{"start":{"line":353,"column":12},"end":{"line":353,"column":null}},"type":"if","locations":[{"start":{"line":353,"column":12},"end":{"line":353,"column":null}},{"start":{},"end":{}}],"line":353},"37":{"loc":{"start":{"line":354,"column":12},"end":{"line":357,"column":null}},"type":"if","locations":[{"start":{"line":354,"column":12},"end":{"line":357,"column":null}},{"start":{},"end":{}}],"line":354},"38":{"loc":{"start":{"line":355,"column":14},"end":{"line":355,"column":null}},"type":"if","locations":[{"start":{"line":355,"column":14},"end":{"line":355,"column":null}},{"start":{},"end":{}}],"line":355},"39":{"loc":{"start":{"line":364,"column":10},"end":{"line":366,"column":null}},"type":"if","locations":[{"start":{"line":364,"column":10},"end":{"line":366,"column":null}},{"start":{},"end":{}}],"line":364},"40":{"loc":{"start":{"line":368,"column":10},"end":{"line":389,"column":null}},"type":"if","locations":[{"start":{"line":368,"column":10},"end":{"line":389,"column":null}},{"start":{},"end":{}}],"line":368},"41":{"loc":{"start":{"line":368,"column":14},"end":{"line":368,"column":119}},"type":"binary-expr","locations":[{"start":{"line":368,"column":14},"end":{"line":368,"column":33}},{"start":{"line":368,"column":33},"end":{"line":368,"column":71}},{"start":{"line":368,"column":71},"end":{"line":368,"column":119}}],"line":368},"42":{"loc":{"start":{"line":369,"column":12},"end":{"line":369,"column":null}},"type":"if","locations":[{"start":{"line":369,"column":12},"end":{"line":369,"column":null}},{"start":{},"end":{}}],"line":369},"43":{"loc":{"start":{"line":388,"column":12},"end":{"line":388,"column":null}},"type":"if","locations":[{"start":{"line":388,"column":12},"end":{"line":388,"column":null}},{"start":{},"end":{}}],"line":388},"44":{"loc":{"start":{"line":391,"column":10},"end":{"line":391,"column":null}},"type":"if","locations":[{"start":{"line":391,"column":10},"end":{"line":391,"column":null}},{"start":{},"end":{}}],"line":391},"45":{"loc":{"start":{"line":392,"column":10},"end":{"line":392,"column":null}},"type":"if","locations":[{"start":{"line":392,"column":10},"end":{"line":392,"column":null}},{"start":{},"end":{}}],"line":392},"46":{"loc":{"start":{"line":396,"column":10},"end":{"line":396,"column":null}},"type":"if","locations":[{"start":{"line":396,"column":10},"end":{"line":396,"column":null}},{"start":{},"end":{}}],"line":396},"47":{"loc":{"start":{"line":406,"column":12},"end":{"line":421,"column":null}},"type":"if","locations":[{"start":{"line":406,"column":12},"end":{"line":421,"column":null}},{"start":{},"end":{}}],"line":406},"48":{"loc":{"start":{"line":406,"column":16},"end":{"line":406,"column":121}},"type":"binary-expr","locations":[{"start":{"line":406,"column":16},"end":{"line":406,"column":35}},{"start":{"line":406,"column":35},"end":{"line":406,"column":73}},{"start":{"line":406,"column":73},"end":{"line":406,"column":121}}],"line":406},"49":{"loc":{"start":{"line":423,"column":12},"end":{"line":423,"column":null}},"type":"if","locations":[{"start":{"line":423,"column":12},"end":{"line":423,"column":null}},{"start":{},"end":{}}],"line":423},"50":{"loc":{"start":{"line":427,"column":12},"end":{"line":430,"column":null}},"type":"if","locations":[{"start":{"line":427,"column":12},"end":{"line":430,"column":null}},{"start":{},"end":{}}],"line":427},"51":{"loc":{"start":{"line":428,"column":14},"end":{"line":428,"column":null}},"type":"if","locations":[{"start":{"line":428,"column":14},"end":{"line":428,"column":null}},{"start":{},"end":{}}],"line":428},"52":{"loc":{"start":{"line":436,"column":8},"end":{"line":439,"column":null}},"type":"if","locations":[{"start":{"line":436,"column":8},"end":{"line":439,"column":null}},{"start":{},"end":{}}],"line":436},"53":{"loc":{"start":{"line":437,"column":10},"end":{"line":437,"column":null}},"type":"if","locations":[{"start":{"line":437,"column":10},"end":{"line":437,"column":null}},{"start":{},"end":{}}],"line":437},"54":{"loc":{"start":{"line":445,"column":6},"end":{"line":448,"column":null}},"type":"if","locations":[{"start":{"line":445,"column":6},"end":{"line":448,"column":null}},{"start":{},"end":{}}],"line":445},"55":{"loc":{"start":{"line":446,"column":8},"end":{"line":446,"column":null}},"type":"if","locations":[{"start":{"line":446,"column":8},"end":{"line":446,"column":null}},{"start":{},"end":{}}],"line":446},"56":{"loc":{"start":{"line":455,"column":2},"end":{"line":455,"column":null}},"type":"if","locations":[{"start":{"line":455,"column":2},"end":{"line":455,"column":null}},{"start":{},"end":{}}],"line":455},"57":{"loc":{"start":{"line":459,"column":4},"end":{"line":459,"column":null}},"type":"if","locations":[{"start":{"line":459,"column":4},"end":{"line":459,"column":null}},{"start":{},"end":{}}],"line":459},"58":{"loc":{"start":{"line":466,"column":29},"end":{"line":466,"column":null}},"type":"cond-expr","locations":[{"start":{"line":466,"column":58},"end":{"line":466,"column":65}},{"start":{"line":466,"column":65},"end":{"line":466,"column":null}}],"line":466},"59":{"loc":{"start":{"line":489,"column":6},"end":{"line":489,"column":null}},"type":"if","locations":[{"start":{"line":489,"column":6},"end":{"line":489,"column":null}},{"start":{},"end":{}}],"line":489},"60":{"loc":{"start":{"line":491,"column":6},"end":{"line":497,"column":null}},"type":"if","locations":[{"start":{"line":491,"column":6},"end":{"line":497,"column":null}},{"start":{},"end":{}}],"line":491},"61":{"loc":{"start":{"line":491,"column":10},"end":{"line":491,"column":62}},"type":"binary-expr","locations":[{"start":{"line":491,"column":10},"end":{"line":491,"column":37}},{"start":{"line":491,"column":37},"end":{"line":491,"column":62}}],"line":491},"62":{"loc":{"start":{"line":492,"column":8},"end":{"line":492,"column":null}},"type":"if","locations":[{"start":{"line":492,"column":8},"end":{"line":492,"column":null}},{"start":{},"end":{}}],"line":492},"63":{"loc":{"start":{"line":493,"column":8},"end":{"line":495,"column":null}},"type":"if","locations":[{"start":{"line":493,"column":8},"end":{"line":495,"column":null}},{"start":{},"end":{}}],"line":493},"64":{"loc":{"start":{"line":499,"column":6},"end":{"line":516,"column":null}},"type":"if","locations":[{"start":{"line":499,"column":6},"end":{"line":516,"column":null}},{"start":{},"end":{}}],"line":499},"65":{"loc":{"start":{"line":503,"column":8},"end":{"line":509,"column":null}},"type":"if","locations":[{"start":{"line":503,"column":8},"end":{"line":509,"column":null}},{"start":{},"end":{}}],"line":503},"66":{"loc":{"start":{"line":503,"column":12},"end":{"line":503,"column":146}},"type":"binary-expr","locations":[{"start":{"line":503,"column":12},"end":{"line":503,"column":40}},{"start":{"line":503,"column":40},"end":{"line":503,"column":71}},{"start":{"line":503,"column":71},"end":{"line":503,"column":104}},{"start":{"line":503,"column":104},"end":{"line":503,"column":146}}],"line":503},"67":{"loc":{"start":{"line":504,"column":10},"end":{"line":504,"column":null}},"type":"if","locations":[{"start":{"line":504,"column":10},"end":{"line":504,"column":null}},{"start":{},"end":{}}],"line":504},"68":{"loc":{"start":{"line":505,"column":10},"end":{"line":507,"column":null}},"type":"if","locations":[{"start":{"line":505,"column":10},"end":{"line":507,"column":null}},{"start":{},"end":{}}],"line":505},"69":{"loc":{"start":{"line":512,"column":8},"end":{"line":514,"column":null}},"type":"if","locations":[{"start":{"line":512,"column":8},"end":{"line":514,"column":null}},{"start":{},"end":{}}],"line":512},"70":{"loc":{"start":{"line":519,"column":6},"end":{"line":519,"column":null}},"type":"if","locations":[{"start":{"line":519,"column":6},"end":{"line":519,"column":null}},{"start":{},"end":{}}],"line":519},"71":{"loc":{"start":{"line":524,"column":6},"end":{"line":539,"column":null}},"type":"if","locations":[{"start":{"line":524,"column":6},"end":{"line":539,"column":null}},{"start":{},"end":{}}],"line":524},"72":{"loc":{"start":{"line":524,"column":10},"end":{"line":524,"column":57}},"type":"binary-expr","locations":[{"start":{"line":524,"column":10},"end":{"line":524,"column":29}},{"start":{"line":524,"column":29},"end":{"line":524,"column":57}}],"line":524},"73":{"loc":{"start":{"line":528,"column":8},"end":{"line":538,"column":null}},"type":"if","locations":[{"start":{"line":528,"column":8},"end":{"line":538,"column":null}},{"start":{"line":530,"column":8},"end":{"line":538,"column":null}}],"line":528},"74":{"loc":{"start":{"line":530,"column":8},"end":{"line":538,"column":null}},"type":"if","locations":[{"start":{"line":530,"column":8},"end":{"line":538,"column":null}},{"start":{"line":534,"column":8},"end":{"line":538,"column":null}}],"line":530},"75":{"loc":{"start":{"line":532,"column":17},"end":{"line":532,"column":101}},"type":"binary-expr","locations":[{"start":{"line":532,"column":17},"end":{"line":532,"column":38}},{"start":{"line":532,"column":38},"end":{"line":532,"column":65}},{"start":{"line":532,"column":65},"end":{"line":532,"column":101}}],"line":532},"76":{"loc":{"start":{"line":534,"column":8},"end":{"line":538,"column":null}},"type":"if","locations":[{"start":{"line":534,"column":8},"end":{"line":538,"column":null}},{"start":{},"end":{}}],"line":534},"77":{"loc":{"start":{"line":536,"column":17},"end":{"line":536,"column":64}},"type":"binary-expr","locations":[{"start":{"line":536,"column":17},"end":{"line":536,"column":36}},{"start":{"line":536,"column":36},"end":{"line":536,"column":64}}],"line":536},"78":{"loc":{"start":{"line":541,"column":6},"end":{"line":633,"column":null}},"type":"if","locations":[{"start":{"line":541,"column":6},"end":{"line":633,"column":null}},{"start":{"line":627,"column":13},"end":{"line":633,"column":null}}],"line":541},"79":{"loc":{"start":{"line":542,"column":8},"end":{"line":542,"column":null}},"type":"if","locations":[{"start":{"line":542,"column":8},"end":{"line":542,"column":null}},{"start":{},"end":{}}],"line":542},"80":{"loc":{"start":{"line":545,"column":8},"end":{"line":545,"column":null}},"type":"if","locations":[{"start":{"line":545,"column":8},"end":{"line":545,"column":null}},{"start":{},"end":{}}],"line":545},"81":{"loc":{"start":{"line":548,"column":10},"end":{"line":554,"column":null}},"type":"if","locations":[{"start":{"line":548,"column":10},"end":{"line":554,"column":null}},{"start":{},"end":{}}],"line":548},"82":{"loc":{"start":{"line":548,"column":14},"end":{"line":548,"column":59}},"type":"binary-expr","locations":[{"start":{"line":548,"column":14},"end":{"line":548,"column":31}},{"start":{"line":548,"column":31},"end":{"line":548,"column":59}}],"line":548},"83":{"loc":{"start":{"line":549,"column":12},"end":{"line":549,"column":null}},"type":"if","locations":[{"start":{"line":549,"column":12},"end":{"line":549,"column":null}},{"start":{},"end":{}}],"line":549},"84":{"loc":{"start":{"line":550,"column":12},"end":{"line":552,"column":null}},"type":"if","locations":[{"start":{"line":550,"column":12},"end":{"line":552,"column":null}},{"start":{},"end":{}}],"line":550},"85":{"loc":{"start":{"line":559,"column":10},"end":{"line":561,"column":null}},"type":"if","locations":[{"start":{"line":559,"column":10},"end":{"line":561,"column":null}},{"start":{},"end":{}}],"line":559},"86":{"loc":{"start":{"line":563,"column":10},"end":{"line":584,"column":null}},"type":"if","locations":[{"start":{"line":563,"column":10},"end":{"line":584,"column":null}},{"start":{},"end":{}}],"line":563},"87":{"loc":{"start":{"line":563,"column":14},"end":{"line":563,"column":119}},"type":"binary-expr","locations":[{"start":{"line":563,"column":14},"end":{"line":563,"column":33}},{"start":{"line":563,"column":33},"end":{"line":563,"column":71}},{"start":{"line":563,"column":71},"end":{"line":563,"column":119}}],"line":563},"88":{"loc":{"start":{"line":564,"column":12},"end":{"line":564,"column":null}},"type":"if","locations":[{"start":{"line":564,"column":12},"end":{"line":564,"column":null}},{"start":{},"end":{}}],"line":564},"89":{"loc":{"start":{"line":583,"column":12},"end":{"line":583,"column":null}},"type":"if","locations":[{"start":{"line":583,"column":12},"end":{"line":583,"column":null}},{"start":{},"end":{}}],"line":583},"90":{"loc":{"start":{"line":586,"column":10},"end":{"line":586,"column":null}},"type":"if","locations":[{"start":{"line":586,"column":10},"end":{"line":586,"column":null}},{"start":{},"end":{}}],"line":586},"91":{"loc":{"start":{"line":590,"column":10},"end":{"line":590,"column":null}},"type":"if","locations":[{"start":{"line":590,"column":10},"end":{"line":590,"column":null}},{"start":{},"end":{}}],"line":590},"92":{"loc":{"start":{"line":600,"column":12},"end":{"line":615,"column":null}},"type":"if","locations":[{"start":{"line":600,"column":12},"end":{"line":615,"column":null}},{"start":{},"end":{}}],"line":600},"93":{"loc":{"start":{"line":600,"column":16},"end":{"line":600,"column":121}},"type":"binary-expr","locations":[{"start":{"line":600,"column":16},"end":{"line":600,"column":35}},{"start":{"line":600,"column":35},"end":{"line":600,"column":73}},{"start":{"line":600,"column":73},"end":{"line":600,"column":121}}],"line":600},"94":{"loc":{"start":{"line":617,"column":12},"end":{"line":617,"column":null}},"type":"if","locations":[{"start":{"line":617,"column":12},"end":{"line":617,"column":null}},{"start":{},"end":{}}],"line":617},"95":{"loc":{"start":{"line":621,"column":12},"end":{"line":623,"column":null}},"type":"if","locations":[{"start":{"line":621,"column":12},"end":{"line":623,"column":null}},{"start":{},"end":{}}],"line":621},"96":{"loc":{"start":{"line":629,"column":8},"end":{"line":631,"column":null}},"type":"if","locations":[{"start":{"line":629,"column":8},"end":{"line":631,"column":null}},{"start":{},"end":{}}],"line":629},"97":{"loc":{"start":{"line":637,"column":6},"end":{"line":639,"column":null}},"type":"if","locations":[{"start":{"line":637,"column":6},"end":{"line":639,"column":null}},{"start":{},"end":{}}],"line":637},"98":{"loc":{"start":{"line":649,"column":2},"end":{"line":649,"column":null}},"type":"if","locations":[{"start":{"line":649,"column":2},"end":{"line":649,"column":null}},{"start":{},"end":{}}],"line":649},"99":{"loc":{"start":{"line":651,"column":2},"end":{"line":737,"column":null}},"type":"switch","locations":[{"start":{"line":652,"column":4},"end":{"line":657,"column":null}},{"start":{"line":659,"column":4},"end":{"line":664,"column":null}},{"start":{"line":666,"column":4},"end":{"line":671,"column":null}},{"start":{"line":673,"column":4},"end":{"line":678,"column":null}},{"start":{"line":680,"column":4},"end":{"line":685,"column":null}},{"start":{"line":687,"column":4},"end":{"line":692,"column":null}},{"start":{"line":694,"column":4},"end":{"line":699,"column":null}},{"start":{"line":701,"column":4},"end":{"line":722,"column":null}},{"start":{"line":724,"column":4},"end":{"line":729,"column":null}},{"start":{"line":731,"column":4},"end":{"line":736,"column":null}}],"line":651},"100":{"loc":{"start":{"line":702,"column":23},"end":{"line":702,"column":null}},"type":"binary-expr","locations":[{"start":{"line":702,"column":23},"end":{"line":702,"column":39}},{"start":{"line":702,"column":39},"end":{"line":702,"column":null}}],"line":702},"101":{"loc":{"start":{"line":703,"column":21},"end":{"line":703,"column":null}},"type":"cond-expr","locations":[{"start":{"line":703,"column":75},"end":{"line":703,"column":93}},{"start":{"line":703,"column":93},"end":{"line":703,"column":null}}],"line":703},"102":{"loc":{"start":{"line":705,"column":26},"end":{"line":705,"column":null}},"type":"binary-expr","locations":[{"start":{"line":705,"column":26},"end":{"line":705,"column":46}},{"start":{"line":705,"column":46},"end":{"line":705,"column":null}}],"line":705},"103":{"loc":{"start":{"line":706,"column":27},"end":{"line":713,"column":null}},"type":"cond-expr","locations":[{"start":{"line":707,"column":8},"end":{"line":712,"column":null}},{"start":{"line":713,"column":8},"end":{"line":713,"column":null}}],"line":706},"104":{"loc":{"start":{"line":708,"column":29},"end":{"line":708,"column":null}},"type":"binary-expr","locations":[{"start":{"line":708,"column":29},"end":{"line":708,"column":51}},{"start":{"line":708,"column":51},"end":{"line":708,"column":null}}],"line":708},"105":{"loc":{"start":{"line":709,"column":29},"end":{"line":709,"column":null}},"type":"cond-expr","locations":[{"start":{"line":709,"column":41},"end":{"line":709,"column":59}},{"start":{"line":709,"column":59},"end":{"line":709,"column":null}}],"line":709},"106":{"loc":{"start":{"line":710,"column":29},"end":{"line":710,"column":null}},"type":"cond-expr","locations":[{"start":{"line":710,"column":58},"end":{"line":710,"column":73}},{"start":{"line":710,"column":73},"end":{"line":710,"column":null}}],"line":710},"107":{"loc":{"start":{"line":711,"column":86},"end":{"line":711,"column":125}},"type":"cond-expr","locations":[{"start":{"line":711,"column":101},"end":{"line":711,"column":123}},{"start":{"line":711,"column":123},"end":{"line":711,"column":125}}],"line":711},"108":{"loc":{"start":{"line":715,"column":24},"end":{"line":715,"column":null}},"type":"binary-expr","locations":[{"start":{"line":715,"column":24},"end":{"line":715,"column":57}},{"start":{"line":715,"column":57},"end":{"line":715,"column":null}}],"line":715},"109":{"loc":{"start":{"line":716,"column":23},"end":{"line":716,"column":null}},"type":"cond-expr","locations":[{"start":{"line":716,"column":42},"end":{"line":716,"column":103}},{"start":{"line":716,"column":103},"end":{"line":716,"column":null}}],"line":716}},"s":{"0":0,"1":0,"2":0,"3":0,"4":0,"5":0,"6":0,"7":0,"8":0,"9":0,"10":0,"11":0,"12":0,"13":0,"14":0,"15":0,"16":0,"17":0,"18":0,"19":0,"20":0,"21":0,"22":0,"23":0,"24":0,"25":0,"26":0,"27":0,"28":0,"29":0,"30":0,"31":0,"32":0,"33":0,"34":0,"35":0,"36":0,"37":0,"38":0,"39":0,"40":0,"41":0,"42":0,"43":0,"44":0,"45":0,"46":0,"47":0,"48":0,"49":0,"50":0,"51":0,"52":0,"53":0,"54":0,"55":0,"56":0,"57":0,"58":0,"59":0,"60":0,"61":0,"62":0,"63":0,"64":0,"65":0,"66":0,"67":0,"68":0,"69":0,"70":0,"71":0,"72":0,"73":0,"74":0,"75":0,"76":0,"77":0,"78":0,"79":0,"80":0,"81":0,"82":0,"83":0,"84":0,"85":0,"86":0,"87":0,"88":0,"89":0,"90":0,"91":0,"92":0,"93":0,"94":0,"95":0,"96":0,"97":0,"98":0,"99":0,"100":0,"101":0,"102":0,"103":0,"104":0,"105":0,"106":0,"107":0,"108":0,"109":0,"110":0,"111":0,"112":0,"113":0,"114":0,"115":0,"116":0,"117":0,"118":0,"119":0,"120":0,"121":0,"122":0,"123":0,"124":0,"125":0,"126":0,"127":0,"128":0,"129":0,"130":0,"131":0,"132":0,"133":0,"134":0,"135":0,"136":0,"137":0,"138":0,"139":0,"140":0,"141":0,"142":0,"143":0,"144":0,"145":0,"146":0,"147":0,"148":0,"149":0,"150":0,"151":0,"152":0,"153":0,"154":0,"155":0,"156":0,"157":0,"158":0,"159":0,"160":0,"161":0,"162":0,"163":0,"164":0,"165":0,"166":0,"167":0,"168":0,"169":0,"170":0,"171":0,"172":0,"173":0,"174":0,"175":0,"176":0,"177":0,"178":0,"179":0,"180":0,"181":0,"182":0,"183":0,"184":0,"185":0,"186":0,"187":0,"188":0,"189":0,"190":0,"191":0,"192":0,"193":0,"194":0,"195":0,"196":0,"197":0,"198":0,"199":0,"200":0,"201":0,"202":0,"203":0,"204":0,"205":0,"206":0,"207":0,"208":0,"209":0,"210":0,"211":0,"212":0,"213":0,"214":0,"215":0,"216":0,"217":0,"218":0,"219":0,"220":0,"221":0,"222":0,"223":0,"224":0,"225":0,"226":0,"227":0,"228":0,"229":0,"230":0,"231":0,"232":0,"233":0,"234":0,"235":0,"236":0,"237":0,"238":0,"239":0,"240":0,"241":0,"242":0,"243":0,"244":0,"245":0,"246":0,"247":0,"248":0,"249":0,"250":0,"251":0,"252":0,"253":0,"254":0,"255":0,"256":0,"257":0,"258":0,"259":0,"260":0,"261":0,"262":0,"263":0,"264":0,"265":0,"266":0,"267":0,"268":0,"269":0,"270":0},"f":{"0":0,"1":0,"2":0,"3":0,"4":0,"5":0,"6":0,"7":0,"8":0},"b":{"0":[0,0],"1":[0,0],"2":[0,0],"3":[0,0],"4":[0,0],"5":[0,0],"6":[0,0],"7":[0,0],"8":[0,0],"9":[0,0],"10":[0,0],"11":[0,0],"12":[0,0],"13":[0,0],"14":[0,0],"15":[0,0],"16":[0,0],"17":[0,0,0,0],"18":[0,0],"19":[0,0],"20":[0,0],"21":[0,0],"22":[0,0],"23":[0,0],"24":[0,0],"25":[0,0],"26":[0,0,0],"27":[0,0],"28":[0,0],"29":[0,0],"30":[0,0],"31":[0,0],"32":[0,0],"33":[0,0],"34":[0,0],"35":[0,0],"36":[0,0],"37":[0,0],"38":[0,0],"39":[0,0],"40":[0,0],"41":[0,0,0],"42":[0,0],"43":[0,0],"44":[0,0],"45":[0,0],"46":[0,0],"47":[0,0],"48":[0,0,0],"49":[0,0],"50":[0,0],"51":[0,0],"52":[0,0],"53":[0,0],"54":[0,0],"55":[0,0],"56":[0,0],"57":[0,0],"58":[0,0],"59":[0,0],"60":[0,0],"61":[0,0],"62":[0,0],"63":[0,0],"64":[0,0],"65":[0,0],"66":[0,0,0,0],"67":[0,0],"68":[0,0],"69":[0,0],"70":[0,0],"71":[0,0],"72":[0,0],"73":[0,0],"74":[0,0],"75":[0,0,0],"76":[0,0],"77":[0,0],"78":[0,0],"79":[0,0],"80":[0,0],"81":[0,0],"82":[0,0],"83":[0,0],"84":[0,0],"85":[0,0],"86":[0,0],"87":[0,0,0],"88":[0,0],"89":[0,0],"90":[0,0],"91":[0,0],"92":[0,0],"93":[0,0,0],"94":[0,0],"95":[0,0],"96":[0,0],"97":[0,0],"98":[0,0],"99":[0,0,0,0,0,0,0,0,0,0],"100":[0,0],"101":[0,0],"102":[0,0],"103":[0,0],"104":[0,0],"105":[0,0],"106":[0,0],"107":[0,0],"108":[0,0],"109":[0,0]},"meta":{"lastBranch":110,"lastFunction":9,"lastStatement":271,"seen":{"s:6:14:6:Infinity":0,"s:8:18:17:Infinity":1,"f:8:18:8:24":0,"s:9:17:9:Infinity":2,"b:11:2:14:Infinity:undefined:undefined:undefined:undefined":0,"s:11:2:14:Infinity":3,"s:12:4:12:Infinity":4,"s:13:4:13:Infinity":5,"s:16:2:16:Infinity":6,"s:20:30:25:Infinity":7,"f:20:30:20:36":1,"s:21:14:21:Infinity":8,"s:22:17:23:Infinity":9,"s:24:2:24:Infinity":10,"b:24:245:24:269:24:269:24:286":1,"s:27:22:29:Infinity":11,"s:111:26:111:Infinity":12,"s:139:32:646:Infinity":13,"f:139:32:139:39":2,"s:140:23:140:Infinity":14,"b:141:2:141:Infinity:undefined:undefined:undefined:undefined":2,"s:141:2:141:Infinity":15,"s:141:13:141:Infinity":16,"s:144:20:144:Infinity":17,"b:144:20:144:75:144:75:144:Infinity":3,"s:147:20:147:Infinity":18,"s:148:8:152:Infinity":19,"s:153:25:153:Infinity":20,"b:154:2:154:Infinity:undefined:undefined:undefined:undefined":4,"s:154:2:154:Infinity":21,"s:154:13:154:Infinity":22,"b:157:2:172:Infinity:undefined:undefined:undefined:undefined":5,"s:157:2:172:Infinity":23,"s:158:4:171:Infinity":24,"s:174:30:174:Infinity":25,"f:174:49:174:54":3,"s:174:54:174:79":26,"s:177:23:177:Infinity":27,"b:177:35:177:55:177:55:177:Infinity":6,"s:179:21:185:Infinity":28,"s:237:17:237:Infinity":29,"b:238:2:240:Infinity:undefined:undefined:undefined:undefined":7,"s:238:2:240:Infinity":30,"s:239:4:239:Infinity":31,"s:243:23:243:Infinity":32,"s:246:25:250:Infinity":33,"s:252:18:252:Infinity":34,"s:253:29:253:Infinity":35,"s:256:2:452:Infinity":36,"s:256:21:256:24":37,"b:257:4:257:Infinity:undefined:undefined:undefined:undefined":8,"s:257:4:257:Infinity":38,"s:257:15:257:Infinity":39,"s:258:25:258:Infinity":40,"s:260:4:451:Infinity":41,"s:261:21:261:Infinity":42,"s:263:25:263:Infinity":43,"s:264:23:283:Infinity":44,"b:284:6:284:Infinity:undefined:undefined:undefined:undefined":9,"s:284:6:284:Infinity":45,"s:284:17:284:Infinity":46,"b:286:6:295:Infinity:undefined:undefined:undefined:undefined":10,"s:286:6:295:Infinity":47,"b:286:10:286:37:286:37:286:62":11,"b:287:8:287:Infinity:undefined:undefined:undefined:undefined":12,"s:287:8:287:Infinity":48,"s:287:19:287:Infinity":49,"b:288:8:291:Infinity:undefined:undefined:undefined:undefined":13,"s:288:8:291:Infinity":50,"b:289:10:289:Infinity:undefined:undefined:undefined:undefined":14,"s:289:10:289:Infinity":51,"s:289:21:289:Infinity":52,"s:290:10:290:Infinity":53,"s:293:8:293:Infinity":54,"f:293:26:293:37":4,"s:293:37:293:72":55,"s:294:8:294:Infinity":56,"b:297:6:312:Infinity:undefined:undefined:undefined:undefined":15,"s:297:6:312:Infinity":57,"s:298:26:298:Infinity":58,"s:299:8:299:Infinity":59,"b:301:8:304:Infinity:undefined:undefined:undefined:undefined":16,"s:301:8:304:Infinity":60,"b:301:12:301:40:301:40:301:71:301:71:301:104:301:104:301:146":17,"b:302:10:302:Infinity:undefined:undefined:undefined:undefined":18,"s:302:10:302:Infinity":61,"s:302:21:302:Infinity":62,"s:303:10:303:Infinity":63,"s:306:8:306:Infinity":64,"b:307:8:310:Infinity:undefined:undefined:undefined:undefined":19,"s:307:8:310:Infinity":65,"b:308:10:308:Infinity:undefined:undefined:undefined:undefined":20,"s:308:10:308:Infinity":66,"s:308:21:308:Infinity":67,"s:309:10:309:Infinity":68,"s:311:8:311:Infinity":69,"s:314:19:314:Infinity":70,"b:315:6:315:Infinity:undefined:undefined:undefined:undefined":21,"s:315:6:315:Infinity":71,"s:315:17:315:Infinity":72,"s:318:25:318:Infinity":73,"b:320:6:343:Infinity:undefined:undefined:undefined:undefined":22,"s:320:6:343:Infinity":74,"b:320:10:320:29:320:29:320:57":23,"s:321:26:321:Infinity":75,"b:324:8:342:Infinity:326:8:342:Infinity":24,"s:324:8:342:Infinity":76,"s:325:10:325:Infinity":77,"b:326:8:342:Infinity:330:8:342:Infinity":25,"s:326:8:342:Infinity":78,"b:328:17:328:38:328:38:328:65:328:65:328:101":26,"s:329:10:329:Infinity":79,"b:330:8:342:Infinity:334:8:342:Infinity":27,"s:330:8:342:Infinity":80,"b:332:17:332:36:332:36:332:64":28,"s:333:10:333:Infinity":81,"b:334:8:342:Infinity:338:8:342:Infinity":29,"s:334:8:342:Infinity":82,"s:337:10:337:Infinity":83,"b:338:8:342:Infinity:undefined:undefined:undefined:undefined":30,"s:338:8:342:Infinity":84,"s:341:10:341:Infinity":85,"b:345:6:441:Infinity:434:13:441:Infinity":31,"s:345:6:441:Infinity":86,"b:346:8:346:Infinity:undefined:undefined:undefined:undefined":32,"s:346:8:346:Infinity":87,"s:346:19:346:Infinity":88,"s:348:8:348:Infinity":89,"b:349:8:349:Infinity:undefined:undefined:undefined:undefined":33,"s:349:8:349:Infinity":90,"s:349:19:349:Infinity":91,"s:351:8:433:Infinity":92,"b:352:10:359:Infinity:undefined:undefined:undefined:undefined":34,"s:352:10:359:Infinity":93,"b:352:14:352:31:352:31:352:59":35,"b:353:12:353:Infinity:undefined:undefined:undefined:undefined":36,"s:353:12:353:Infinity":94,"s:353:23:353:Infinity":95,"b:354:12:357:Infinity:undefined:undefined:undefined:undefined":37,"s:354:12:357:Infinity":96,"b:355:14:355:Infinity:undefined:undefined:undefined:undefined":38,"s:355:14:355:Infinity":97,"s:355:25:355:Infinity":98,"s:356:14:356:Infinity":99,"s:358:12:358:Infinity":100,"s:361:25:361:Infinity":101,"b:364:10:366:Infinity:undefined:undefined:undefined:undefined":39,"s:364:10:366:Infinity":102,"s:365:12:365:Infinity":103,"b:368:10:389:Infinity:undefined:undefined:undefined:undefined":40,"s:368:10:389:Infinity":104,"b:368:14:368:33:368:33:368:71:368:71:368:119":41,"b:369:12:369:Infinity:undefined:undefined:undefined:undefined":42,"s:369:12:369:Infinity":105,"s:369:23:369:Infinity":106,"s:371:31:374:Infinity":107,"s:376:12:385:Infinity":108,"s:387:12:387:Infinity":109,"b:388:12:388:Infinity:undefined:undefined:undefined:undefined":43,"s:388:12:388:Infinity":110,"s:388:23:388:Infinity":111,"b:391:10:391:Infinity:undefined:undefined:undefined:undefined":44,"s:391:10:391:Infinity":112,"s:391:21:391:Infinity":113,"b:392:10:392:Infinity:undefined:undefined:undefined:undefined":45,"s:392:10:392:Infinity":114,"s:392:21:392:Infinity":115,"s:393:10:393:Infinity":116,"b:396:10:396:Infinity:undefined:undefined:undefined:undefined":46,"s:396:10:396:Infinity":117,"s:396:21:396:Infinity":118,"s:398:26:401:Infinity":119,"s:403:10:432:Infinity":120,"s:404:27:404:Infinity":121,"b:406:12:421:Infinity:undefined:undefined:undefined:undefined":47,"s:406:12:421:Infinity":122,"b:406:16:406:35:406:35:406:73:406:73:406:121":48,"s:407:33:410:Infinity":123,"s:412:14:418:Infinity":124,"s:420:14:420:Infinity":125,"b:423:12:423:Infinity:undefined:undefined:undefined:undefined":49,"s:423:12:423:Infinity":126,"s:423:23:423:Infinity":127,"s:424:12:424:Infinity":128,"s:426:12:426:Infinity":129,"b:427:12:430:Infinity:undefined:undefined:undefined:undefined":50,"s:427:12:430:Infinity":130,"b:428:14:428:Infinity:undefined:undefined:undefined:undefined":51,"s:428:14:428:Infinity":131,"s:428:25:428:Infinity":132,"s:429:14:429:Infinity":133,"s:431:12:431:Infinity":134,"s:435:8:435:Infinity":135,"b:436:8:439:Infinity:undefined:undefined:undefined:undefined":52,"s:436:8:439:Infinity":136,"b:437:10:437:Infinity:undefined:undefined:undefined:undefined":53,"s:437:10:437:Infinity":137,"s:437:21:437:Infinity":138,"s:438:10:438:Infinity":139,"s:440:8:440:Infinity":140,"s:443:6:443:Infinity":141,"s:444:6:444:Infinity":142,"b:445:6:448:Infinity:undefined:undefined:undefined:undefined":54,"s:445:6:448:Infinity":143,"b:446:8:446:Infinity:undefined:undefined:undefined:undefined":55,"s:446:8:446:Infinity":144,"s:446:19:446:Infinity":145,"s:447:8:447:Infinity":146,"s:450:6:450:Infinity":147,"f:450:24:450:35":5,"s:450:35:450:70":148,"b:455:2:455:Infinity:undefined:undefined:undefined:undefined":56,"s:455:2:455:Infinity":149,"s:455:13:455:Infinity":150,"s:457:2:641:Infinity":151,"s:457:15:457:18":152,"s:458:37:458:Infinity":153,"b:459:4:459:Infinity:undefined:undefined:undefined:undefined":57,"s:459:4:459:Infinity":154,"s:459:15:459:Infinity":155,"s:461:4:640:Infinity":156,"s:462:21:462:Infinity":157,"s:466:29:466:Infinity":158,"b:466:58:466:65:466:65:466:Infinity":58,"s:468:23:487:Infinity":159,"b:489:6:489:Infinity:undefined:undefined:undefined:undefined":59,"s:489:6:489:Infinity":160,"s:489:17:489:Infinity":161,"b:491:6:497:Infinity:undefined:undefined:undefined:undefined":60,"s:491:6:497:Infinity":162,"b:491:10:491:37:491:37:491:62":61,"b:492:8:492:Infinity:undefined:undefined:undefined:undefined":62,"s:492:8:492:Infinity":163,"s:492:19:492:Infinity":164,"b:493:8:495:Infinity:undefined:undefined:undefined:undefined":63,"s:493:8:495:Infinity":165,"s:494:10:494:Infinity":166,"s:496:8:496:Infinity":167,"b:499:6:516:Infinity:undefined:undefined:undefined:undefined":64,"s:499:6:516:Infinity":168,"s:500:26:500:Infinity":169,"s:501:8:501:Infinity":170,"b:503:8:509:Infinity:undefined:undefined:undefined:undefined":65,"s:503:8:509:Infinity":171,"b:503:12:503:40:503:40:503:71:503:71:503:104:503:104:503:146":66,"b:504:10:504:Infinity:undefined:undefined:undefined:undefined":67,"s:504:10:504:Infinity":172,"s:504:21:504:Infinity":173,"b:505:10:507:Infinity:undefined:undefined:undefined:undefined":68,"s:505:10:507:Infinity":174,"s:506:12:506:Infinity":175,"s:508:10:508:Infinity":176,"s:511:8:511:Infinity":177,"b:512:8:514:Infinity:undefined:undefined:undefined:undefined":69,"s:512:8:514:Infinity":178,"s:513:10:513:Infinity":179,"s:515:8:515:Infinity":180,"s:518:19:518:Infinity":181,"b:519:6:519:Infinity:undefined:undefined:undefined:undefined":70,"s:519:6:519:Infinity":182,"s:519:17:519:Infinity":183,"s:522:25:522:Infinity":184,"b:524:6:539:Infinity:undefined:undefined:undefined:undefined":71,"s:524:6:539:Infinity":185,"b:524:10:524:29:524:29:524:57":72,"s:525:26:525:Infinity":186,"b:528:8:538:Infinity:530:8:538:Infinity":73,"s:528:8:538:Infinity":187,"s:529:10:529:Infinity":188,"b:530:8:538:Infinity:534:8:538:Infinity":74,"s:530:8:538:Infinity":189,"b:532:17:532:38:532:38:532:65:532:65:532:101":75,"s:533:10:533:Infinity":190,"b:534:8:538:Infinity:undefined:undefined:undefined:undefined":76,"s:534:8:538:Infinity":191,"b:536:17:536:36:536:36:536:64":77,"s:537:10:537:Infinity":192,"b:541:6:633:Infinity:627:13:633:Infinity":78,"s:541:6:633:Infinity":193,"b:542:8:542:Infinity:undefined:undefined:undefined:undefined":79,"s:542:8:542:Infinity":194,"s:542:19:542:Infinity":195,"s:544:8:544:Infinity":196,"b:545:8:545:Infinity:undefined:undefined:undefined:undefined":80,"s:545:8:545:Infinity":197,"s:545:19:545:Infinity":198,"s:547:8:626:Infinity":199,"b:548:10:554:Infinity:undefined:undefined:undefined:undefined":81,"s:548:10:554:Infinity":200,"b:548:14:548:31:548:31:548:59":82,"b:549:12:549:Infinity:undefined:undefined:undefined:undefined":83,"s:549:12:549:Infinity":201,"s:549:23:549:Infinity":202,"b:550:12:552:Infinity:undefined:undefined:undefined:undefined":84,"s:550:12:552:Infinity":203,"s:551:14:551:Infinity":204,"s:553:12:553:Infinity":205,"s:556:25:556:Infinity":206,"b:559:10:561:Infinity:undefined:undefined:undefined:undefined":85,"s:559:10:561:Infinity":207,"s:560:12:560:Infinity":208,"b:563:10:584:Infinity:undefined:undefined:undefined:undefined":86,"s:563:10:584:Infinity":209,"b:563:14:563:33:563:33:563:71:563:71:563:119":87,"b:564:12:564:Infinity:undefined:undefined:undefined:undefined":88,"s:564:12:564:Infinity":210,"s:564:23:564:Infinity":211,"s:566:31:569:Infinity":212,"s:571:12:580:Infinity":213,"s:582:12:582:Infinity":214,"b:583:12:583:Infinity:undefined:undefined:undefined:undefined":89,"s:583:12:583:Infinity":215,"s:583:23:583:Infinity":216,"b:586:10:586:Infinity:undefined:undefined:undefined:undefined":90,"s:586:10:586:Infinity":217,"s:586:21:586:Infinity":218,"s:587:10:587:Infinity":219,"b:590:10:590:Infinity:undefined:undefined:undefined:undefined":91,"s:590:10:590:Infinity":220,"s:590:21:590:Infinity":221,"s:592:26:595:Infinity":222,"s:597:10:625:Infinity":223,"s:598:27:598:Infinity":224,"b:600:12:615:Infinity:undefined:undefined:undefined:undefined":92,"s:600:12:615:Infinity":225,"b:600:16:600:35:600:35:600:73:600:73:600:121":93,"s:601:33:604:Infinity":226,"s:606:14:612:Infinity":227,"s:614:14:614:Infinity":228,"b:617:12:617:Infinity:undefined:undefined:undefined:undefined":94,"s:617:12:617:Infinity":229,"s:617:23:617:Infinity":230,"s:618:12:618:Infinity":231,"s:620:12:620:Infinity":232,"b:621:12:623:Infinity:undefined:undefined:undefined:undefined":95,"s:621:12:623:Infinity":233,"s:622:14:622:Infinity":234,"s:624:12:624:Infinity":235,"s:628:8:628:Infinity":236,"b:629:8:631:Infinity:undefined:undefined:undefined:undefined":96,"s:629:8:631:Infinity":237,"s:630:10:630:Infinity":238,"s:632:8:632:Infinity":239,"s:635:6:635:Infinity":240,"s:636:6:636:Infinity":241,"b:637:6:639:Infinity:undefined:undefined:undefined:undefined":97,"s:637:6:639:Infinity":242,"s:638:8:638:Infinity":243,"s:644:2:644:Infinity":244,"s:645:2:645:Infinity":245,"s:648:31:738:Infinity":246,"f:648:31:648:32":6,"b:649:2:649:Infinity:undefined:undefined:undefined:undefined":98,"s:649:2:649:Infinity":247,"s:649:13:649:Infinity":248,"b:652:4:657:Infinity:659:4:664:Infinity:666:4:671:Infinity:673:4:678:Infinity:680:4:685:Infinity:687:4:692:Infinity:694:4:699:Infinity:701:4:722:Infinity:724:4:729:Infinity:731:4:736:Infinity":99,"s:651:2:737:Infinity":249,"s:653:6:657:Infinity":250,"s:660:6:664:Infinity":251,"s:667:6:671:Infinity":252,"s:674:6:678:Infinity":253,"s:681:6:685:Infinity":254,"s:688:6:692:Infinity":255,"s:695:6:699:Infinity":256,"s:702:23:702:Infinity":257,"b:702:23:702:39:702:39:702:Infinity":100,"s:703:21:703:Infinity":258,"b:703:75:703:93:703:93:703:Infinity":101,"f:703:44:703:49":7,"s:703:49:703:71":259,"s:705:26:705:Infinity":260,"b:705:26:705:46:705:46:705:Infinity":102,"s:706:27:713:Infinity":261,"b:707:8:712:Infinity:713:8:713:Infinity":103,"f:707:24:707:33":8,"s:708:29:708:Infinity":262,"b:708:29:708:51:708:51:708:Infinity":104,"s:709:29:709:Infinity":263,"b:709:41:709:59:709:59:709:Infinity":105,"s:710:29:710:Infinity":264,"b:710:58:710:73:710:73:710:Infinity":106,"s:711:10:711:Infinity":265,"b:711:101:711:123:711:123:711:125":107,"s:715:24:715:Infinity":266,"b:715:24:715:57:715:57:715:Infinity":108,"s:716:23:716:Infinity":267,"b:716:42:716:103:716:103:716:Infinity":109,"s:718:6:722:Infinity":268,"s:725:6:729:Infinity":269,"s:732:6:736:Infinity":270}}}
,"/Users/ianburke/Documents/GitHub/dad-circles-onboarding/services/matchingService.ts": {"path":"/Users/ianburke/Documents/GitHub/dad-circles-onboarding/services/matchingService.ts","statementMap":{"0":{"start":{"line":19,"column":39},"end":{"line":28,"column":null}},"1":{"start":{"line":34,"column":14},"end":{"line":34,"column":null}},"2":{"start":{"line":35,"column":22},"end":{"line":35,"column":null}},"3":{"start":{"line":36,"column":23},"end":{"line":36,"column":null}},"4":{"start":{"line":38,"column":2},"end":{"line":38,"column":null}},"5":{"start":{"line":45,"column":14},"end":{"line":45,"column":null}},"6":{"start":{"line":46,"column":18},"end":{"line":46,"column":null}},"7":{"start":{"line":47,"column":2},"end":{"line":47,"column":null}},"8":{"start":{"line":54,"column":2},"end":{"line":69,"column":null}},"9":{"start":{"line":55,"column":19},"end":{"line":55,"column":null}},"10":{"start":{"line":56,"column":19},"end":{"line":56,"column":null}},"11":{"start":{"line":58,"column":4},"end":{"line":68,"column":null}},"12":{"start":{"line":60,"column":21},"end":{"line":60,"column":null}},"13":{"start":{"line":61,"column":21},"end":{"line":61,"column":null}},"14":{"start":{"line":62,"column":6},"end":{"line":62,"column":null}},"15":{"start":{"line":65,"column":19},"end":{"line":65,"column":null}},"16":{"start":{"line":66,"column":19},"end":{"line":66,"column":null}},"17":{"start":{"line":67,"column":6},"end":{"line":67,"column":null}},"18":{"start":{"line":76,"column":2},"end":{"line":76,"column":null}},"19":{"start":{"line":76,"column":24},"end":{"line":76,"column":null}},"20":{"start":{"line":78,"column":17},"end":{"line":78,"column":null}},"21":{"start":{"line":79,"column":25},"end":{"line":79,"column":null}},"22":{"start":{"line":81,"column":2},"end":{"line":88,"column":null}},"23":{"start":{"line":82,"column":18},"end":{"line":82,"column":null}},"24":{"start":{"line":83,"column":4},"end":{"line":87,"column":null}},"25":{"start":{"line":84,"column":6},"end":{"line":84,"column":null}},"26":{"start":{"line":86,"column":6},"end":{"line":86,"column":null}},"27":{"start":{"line":90,"column":17},"end":{"line":90,"column":null}},"28":{"start":{"line":91,"column":17},"end":{"line":91,"column":null}},"29":{"start":{"line":92,"column":22},"end":{"line":94,"column":null}},"30":{"start":{"line":96,"column":2},"end":{"line":96,"column":null}},"31":{"start":{"line":103,"column":2},"end":{"line":103,"column":null}},"32":{"start":{"line":116,"column":2},"end":{"line":119,"column":null}},"33":{"start":{"line":117,"column":4},"end":{"line":117,"column":null}},"34":{"start":{"line":118,"column":4},"end":{"line":118,"column":null}},"35":{"start":{"line":121,"column":22},"end":{"line":121,"column":null}},"36":{"start":{"line":122,"column":26},"end":{"line":122,"column":null}},"37":{"start":{"line":123,"column":22},"end":{"line":123,"column":null}},"38":{"start":{"line":126,"column":2},"end":{"line":165,"column":null}},"39":{"start":{"line":126,"column":15},"end":{"line":126,"column":18}},"40":{"start":{"line":127,"column":18},"end":{"line":127,"column":null}},"41":{"start":{"line":130,"column":4},"end":{"line":133,"column":null}},"42":{"start":{"line":131,"column":6},"end":{"line":131,"column":null}},"43":{"start":{"line":132,"column":6},"end":{"line":132,"column":null}},"44":{"start":{"line":136,"column":4},"end":{"line":139,"column":null}},"45":{"start":{"line":137,"column":6},"end":{"line":137,"column":null}},"46":{"start":{"line":138,"column":6},"end":{"line":138,"column":null}},"47":{"start":{"line":142,"column":62},"end":{"line":151,"column":null}},"48":{"start":{"line":145,"column":33},"end":{"line":145,"column":45}},"49":{"start":{"line":146,"column":36},"end":{"line":146,"column":49}},"50":{"start":{"line":146,"column":67},"end":{"line":146,"column":72}},"51":{"start":{"line":153,"column":4},"end":{"line":164,"column":null}},"52":{"start":{"line":155,"column":25},"end":{"line":155,"column":null}},"53":{"start":{"line":156,"column":6},"end":{"line":156,"column":null}},"54":{"start":{"line":158,"column":6},"end":{"line":158,"column":null}},"55":{"start":{"line":159,"column":6},"end":{"line":159,"column":null}},"56":{"start":{"line":162,"column":6},"end":{"line":162,"column":null}},"57":{"start":{"line":163,"column":6},"end":{"line":163,"column":null}},"58":{"start":{"line":167,"column":2},"end":{"line":167,"column":null}},"59":{"start":{"line":174,"column":2},"end":{"line":177,"column":null}},"60":{"start":{"line":175,"column":4},"end":{"line":175,"column":null}},"61":{"start":{"line":176,"column":4},"end":{"line":176,"column":null}},"62":{"start":{"line":179,"column":2},"end":{"line":179,"column":null}},"63":{"start":{"line":181,"column":2},"end":{"line":259,"column":null}},"64":{"start":{"line":182,"column":4},"end":{"line":258,"column":null}},"65":{"start":{"line":184,"column":87},"end":{"line":184,"column":null}},"66":{"start":{"line":186,"column":6},"end":{"line":219,"column":null}},"67":{"start":{"line":187,"column":8},"end":{"line":218,"column":null}},"68":{"start":{"line":188,"column":23},"end":{"line":188,"column":null}},"69":{"start":{"line":189,"column":10},"end":{"line":215,"column":null}},"70":{"start":{"line":191,"column":28},"end":{"line":191
[...]
e":286,"column":98},"end":{"line":286,"column":113}}],"line":286},"23":{"loc":{"start":{"line":296,"column":2},"end":{"line":296,"column":null}},"type":"default-arg","locations":[{"start":{"line":296,"column":22},"end":{"line":296,"column":null}}],"line":296},"24":{"loc":{"start":{"line":297,"column":2},"end":{"line":297,"column":null}},"type":"default-arg","locations":[{"start":{"line":297,"column":27},"end":{"line":297,"column":null}}],"line":297},"25":{"loc":{"start":{"line":299,"column":46},"end":{"line":299,"column":101}},"type":"cond-expr","locations":[{"start":{"line":299,"column":53},"end":{"line":299,"column":84}},{"start":{"line":299,"column":84},"end":{"line":299,"column":101}}],"line":299},"26":{"loc":{"start":{"line":299,"column":104},"end":{"line":299,"column":134}},"type":"cond-expr","locations":[{"start":{"line":299,"column":115},"end":{"line":299,"column":132}},{"start":{"line":299,"column":132},"end":{"line":299,"column":134}}],"line":299},"27":{"loc":{"start":{"line":306,"column":4},"end":{"line":313,"column":null}},"type":"if","locations":[{"start":{"line":306,"column":4},"end":{"line":313,"column":null}},{"start":{},"end":{}}],"line":306},"28":{"loc":{"start":{"line":319,"column":6},"end":{"line":322,"column":null}},"type":"if","locations":[{"start":{"line":319,"column":6},"end":{"line":322,"column":null}},{"start":{},"end":{}}],"line":319},"29":{"loc":{"start":{"line":327,"column":6},"end":{"line":330,"column":null}},"type":"if","locations":[{"start":{"line":327,"column":6},"end":{"line":330,"column":null}},{"start":{},"end":{}}],"line":327},"30":{"loc":{"start":{"line":332,"column":6},"end":{"line":339,"column":null}},"type":"if","locations":[{"start":{"line":332,"column":6},"end":{"line":339,"column":null}},{"start":{},"end":{}}],"line":332},"31":{"loc":{"start":{"line":357,"column":8},"end":{"line":357,"column":null}},"type":"if","locations":[{"start":{"line":357,"column":8},"end":{"line":357,"column":null}},{"start":{},"end":{}}],"line":357},"32":{"loc":{"start":{"line":378,"column":4},"end":{"line":386,"column":null}},"type":"if","locations":[{"start":{"line":378,"column":4},"end":{"line":386,"column":null}},{"start":{},"end":{}}],"line":378},"33":{"loc":{"start":{"line":389,"column":4},"end":{"line":396,"column":null}},"type":"if","locations":[{"start":{"line":389,"column":4},"end":{"line":396,"column":null}},{"start":{},"end":{}}],"line":389},"34":{"loc":{"start":{"line":412,"column":50},"end":{"line":412,"column":106}},"type":"cond-expr","locations":[{"start":{"line":412,"column":75},"end":{"line":412,"column":91}},{"start":{"line":412,"column":91},"end":{"line":412,"column":106}}],"line":412},"35":{"loc":{"start":{"line":424,"column":54},"end":{"line":424,"column":110}},"type":"cond-expr","locations":[{"start":{"line":424,"column":79},"end":{"line":424,"column":95}},{"start":{"line":424,"column":95},"end":{"line":424,"column":110}}],"line":424},"36":{"loc":{"start":{"line":436,"column":58},"end":{"line":436,"column":114}},"type":"cond-expr","locations":[{"start":{"line":436,"column":83},"end":{"line":436,"column":99}},{"start":{"line":436,"column":99},"end":{"line":436,"column":114}}],"line":436},"37":{"loc":{"start":{"line":448,"column":45},"end":{"line":448,"column":101}},"type":"cond-expr","locations":[{"start":{"line":448,"column":70},"end":{"line":448,"column":86}},{"start":{"line":448,"column":86},"end":{"line":448,"column":101}}],"line":448},"38":{"loc":{"start":{"line":460,"column":57},"end":{"line":460,"column":113}},"type":"cond-expr","locations":[{"start":{"line":460,"column":82},"end":{"line":460,"column":98}},{"start":{"line":460,"column":98},"end":{"line":460,"column":113}}],"line":460}},"s":{"0":0,"1":0,"2":0,"3":0,"4":0,"5":0,"6":0,"7":0,"8":0,"9":0,"10":0,"11":0,"12":0,"13":0,"14":0,"15":0,"16":0,"17":0,"18":0,"19":0,"20":0,"21":0,"22":0,"23":0,"24":0,"25":0,"26":0,"27":0,"28":0,"29":0,"30":0,"31":0,"32":0,"33":0,"34":0,"35":0,"36":0,"37":0,"38":0,"39":0,"40":0,"41":0,"42":0,"43":0,"44":0,"45":0,"46":0,"47":0,"48":0,"49":0,"50":0,"51":0,"52":0,"53":0,"54":0,"55":0,"56":0,"57":0,"58":0,"59":0,"60":0,"61":0,"62":0,"63":0,"64":0,"65":0,"66":0,"67":0,"68":0,"69":0,"70":0,"71":0,"72":0,"73":0,"74":0,"75":0,"76":0,"77":0,"78":0,"79":0,"80":0,"81":0,"82":0,"83":0,"84":0,"85":0,"86":0,"87":0,"88":0,"89":0,"90":0,"91":0,"92":0,"93":0,"94":0,"95":0,"96":0,"97":0,"98":0,"99":0,"100":0,"101":0,"102":0,"103":0,"104":0,"105":0,"106":0,"107":0,"108":0,"109":0,"110":0,"111":0,"112":0,"113":0,"114":0,"115":0,"116":0,"117":0,"118":0,"119":0,"120":0,"121":0,"122":0,"123":0,"124":0,"125":0,"126":0,"127":0,"128":0,"129":0,"130":0,"131":0,"132":0,"133":0,"134":0,"135":0,"136":0,"137":0,"138":0,"139":0,"140":0,"141":0,"142":0,"143":0,"144":0,"145":0,"146":0,"147":0,"148":0,"149":0,"150":0,"151":0,"152":0,"153":0,"154":0,"155":0,"156":0,"157":0,"158":0,"159":0,"160":0,"161":0,"162":0,"163":0,"164":0,"165":0,"166":0,"167":0,"168":0,"169":0,"170":0,"171":0,"172":0,"173":0,"174":0,"175":0},"f":{"0":0,"1":0,"2":0,"3":0,"4":0,"5":0,"6":0,"7":0,"8":0,"9":0,"10":0,"11":0,"12":0,"13":0,"14":0,"15":0,"16":0,"17":0},"b":{"0":[0,0],"1":[0,0],"2":[0,0],"3":[0,0],"4":[0,0],"5":[0,0],"6":[0,0],"7":[0,0],"8":[0,0],"9":[0,0],"10":[0,0],"11":[0,0],"12":[0,0],"13":[0,0],"14":[0,0],"15":[0,0],"16":[0,0],"17":[0,0],"18":[0,0],"19":[0,0],"20":[0,0],"21":[0,0],"22":[0,0],"23":[0],"24":[0],"25":[0,0],"26":[0,0],"27":[0,0],"28":[0,0],"29":[0,0],"30":[0,0],"31":[0,0],"32":[0,0],"33":[0,0],"34":[0,0],"35":[0,0],"36":[0,0],"37":[0,0],"38":[0,0]},"meta":{"lastBranch":39,"lastFunction":18,"lastStatement":176,"seen":{"s:19:39:28:Infinity":0,"f:33:9:33:30":0,"s:34:14:34:Infinity":1,"s:35:22:35:Infinity":2,"s:36:23:36:Infinity":3,"s:38:2:38:Infinity":4,"f:44:9:44:31":1,"s:45:14:45:Infinity":5,"s:46:18:46:Infinity":6,"s:47:2:47:Infinity":7,"f:53:9:53:24":2,"s:54:2:69:Infinity":8,"f:54:20:54:21":3,"s:55:19:55:Infinity":9,"s:56:19:56:Infinity":10,"b:58:4:68:Infinity:63:11:68:Infinity":0,"s:58:4:68:Infinity":11,"s:60:21:60:Infinity":12,"s:61:21:61:Infinity":13,"s:62:6:62:Infinity":14,"s:65:19:65:Infinity":15,"s:66:19:66:Infinity":16,"s:67:6:67:Infinity":17,"f:75:9:75:24":4,"b:76:2:76:Infinity:undefined:undefined:undefined:undefined":1,"s:76:2:76:Infinity":18,"s:76:24:76:Infinity":19,"s:78:17:78:Infinity":20,"s:79:25:79:Infinity":21,"s:81:2:88:Infinity":22,"s:82:18:82:Infinity":23,"b:83:4:87:Infinity:85:11:87:Infinity":2,"s:83:4:87:Infinity":24,"s:84:6:84:Infinity":25,"s:86:6:86:Infinity":26,"s:90:17:90:Infinity":27,"s:91:17:91:Infinity":28,"s:92:22:94:Infinity":29,"b:93:6:93:Infinity:94:6:94:Infinity":3,"s:96:2:96:Infinity":30,"f:102:9:102:27":5,"s:103:2:103:Infinity":31,"f:109:15:109:Infinity":6,"b:116:2:119:Infinity:undefined:undefined:undefined:undefined":4,"s:116:2:119:Infinity":32,"s:117:4:117:Infinity":33,"s:118:4:118:Infinity":34,"s:121:22:121:Infinity":35,"s:122:26:122:Infinity":36,"s:123:22:123:Infinity":37,"s:126:2:165:Infinity":38,"s:126:15:126:18":39,"s:127:18:127:Infinity":40,"b:130:4:133:Infinity:undefined:undefined:undefined:undefined":5,"s:130:4:133:Infinity":41,"s:131:6:131:Infinity":42,"s:132:6:132:Infinity":43,"b:136:4:139:Infinity:undefined:undefined:undefined:undefined":6,"s:136:4:139:Infinity":44,"s:137:6:137:Infinity":45,"s:138:6:138:Infinity":46,"s:142:62:151:Infinity":47,"f:145:28:145:33":7,"s:145:33:145:45":48,"f:146:31:146:36":8,"s:146:36:146:49":49,"b:146:36:146:47:146:47:146:49":7,"f:146:58:146:67":9,"s:146:67:146:72":50,"s:153:4:164:Infinity":51,"s:155:25:155:Infinity":52,"s:156:6:156:Infinity":53,"s:158:6:158:Infinity":54,"s:159:6:159:Infinity":55,"s:162:6:162:Infinity":56,"s:163:6:163:Infinity":57,"b:163:74:163:90:163:90:163:105":8,"s:167:2:167:Infinity":58,"f:173:15:173:31":10,"b:174:2:177:Infinity:undefined:undefined:undefined:undefined":9,"s:174:2:177:Infinity":59,"s:175:4:175:Infinity":60,"s:176:4:176:Infinity":61,"s:179:2:179:Infinity":62,"b:179:88:179:102:179:102:179:114":10,"s:181:2:259:Infinity":63,"s:182:4:258:Infinity":64,"s:184:87:184:Infinity":65,"s:186:6:219:Infinity":66,"s:187:8:218:Infinity":67,"s:188:23:188:Infinity":68,"b:189:10:215:Infinity:undefined:undefined:undefined:undefined":11,"s:189:10:215:Infinity":69,"b:189:14:189:22:189:22:189:34":12,"s:191:28:191:Infinity":70,"b:192:12:208:Infinity:undefined:undefined:undefined:undefined":13,"s:192:12:208:Infinity":71,"b:192:16:192:33:192:33:192:59":14,"s:193:28:193:Infinity":72,"b:194:14:207:Infinity:196:21:207:Infinity":15,"s:194:14:207:Infinity":73,"s:195:16:195:Infinity":74,"s:197:36:197:Infinity":75,"b:198:16:206:Infinity:200:16:206:Infinity":16,"s:198:16:206:Infinity":76,"s:199:18:199:Infinity":77,"b:200:16:206:Infinity:204:23:206:Infinity":17,"s:200:16:206:Infinity":78,"s:201:32:201:Infinity":79,"s:202:33:202:Infinity":80,"s:203:18:203:Infinity":81,"b:203:42:203:72:203:72:203:Infinity":18,"s:205:18:205:Infinity":82,"s:210:12:214:Infinity":83,"s:217:10:217:Infinity":84,"b:221:6:224:Infinity:undefined:undefined:undefined:undefined":19,"s:221:6:224:Infinity":85,"s:222:8:222:Infinity":86,"s:223:8:223:Infinity":87,"s:227:6:253:Infinity":88,"s:229:33:229:Infinity":89,"s:231:28:235:Infinity":90,"b:237:8:248:Infinity:246:15:248:Infinity":20,"s:237:8:248:Infinity":91,"b:237:12:237:35:237:35:237:74":21,"s:239:10:243:Infinity":92,"s:245:10:245:Infinity":93,"s:247:10:247:Infinity":94,"s:251:8:251:Infinity":95,"s:256:6:256:Infinity":96,"s:261:2:261:Infinity":97,"f:266:15:266:35":11,"s:267:42:267:Infinity":98,"s:269:2:279:Infinity":99,"s:270:4:278:Infinity":100,"s:271:6:277:Infinity":101,"f:273:17:273:26":12,"s:274:12:274:Infinity":102,"s:275:12:275:Infinity":103,"s:281:2:287:Infinity":104,"s:282:4:282:Infinity":105,"s:283:4:283:Infinity":106,"s:285:4:285:Infinity":107,"s:286:4:286:Infinity":108,"b:286:82:286:98:286:98:286:113":22,"f:293:22:293:Infinity":13,"b:296:22:296:Infinity":23,"b:297:27:297:Infinity":24,"s:299:2:299:Infinity":109,"b:299:53:299:84:299:84:299:101":25,"b:299:115:299:132:299:132:299:134":26,"s:301:2:413:Infinity":110,"s:303:27:303:Infinity":111,"s:304:4:304:Infinity":112,"b:306:4:313:Infinity:undefined:undefined:undefined:undefined":27,"s:306:4:313:Infinity":113,"s:307:6:312:Infinity":114,"s:316:87:316:Infinity":115,"s:318:4:342:Infinity":116,"b:319:6:322:Infinity:undefined:undefined:undefined:undefined":28,"s:319:6:322:Infinity":117,"s:320:8:320:Infinity":118,"s:321:8:321:Infinity":119,"s:324:26:324:Infinity":120,"s:325:12:325:Infinity":121,"b:327:6:330:Infinity:undefined:undefined:undefined:undefined":29,"s:327:6:330:Infinity":122,"s:328:8:328:Infinity":123,"s:329:8:329:Infinity":124,"b:332:6:339:Infinity:undefined:undefined:undefined:undefined":30,"s:332:6:339:Infinity":125,"s:333:8:338:Infinity":126,"s:341:6:341:Infinity":127,"s:344:4:344:Infinity":128,"s:347:31:347:Infinity":129,"s:348:28:348:Infinity":130,"s:350:4:375:Infinity":131,"s:351:40:351:Infinity":132,"s:352:37:352:Infinity":133,"s:354:6:374:Infinity":134,"s:355:26:355:Infinity":135,"b:357:8:357:Infinity:undefined:undefined:undefined:undefined":31,"s:357:8:357:Infinity":136,"s:357:32:357:Infinity":137,"s:359:8:359:Infinity":138,"s:361:8:373:Infinity":139,"s:362:25:362:Infinity":140,"s:363:10:363:Infinity":141,"s:366:10:368:Infinity":142,"s:367:12:367:Infinity":143,"s:371:10:371:Infinity":144,"b:378:4:386:Infinity:undefined:undefined:undefined:undefined":32,"s:378:4:386:Infinity":145,"s:379:6:385:Infinity":146,"s:380:8:380:Infinity":147,"s:382:8:382:Infinity":148,"s:384:8:384:Infinity":149,"b:389:4:396:Infinity:undefined:undefined:undefined:undefined":33,"s:389:4:396:Infinity":150,"s:390:6:395:Infinity":151,"s:391:8:391:Infinity":152,"s:393:8:393:Infinity":153,"s:398:32:398:Infinity":154,"s:400:20:400:Infinity":155,"s:401:4:401:Infinity":156,"s:403:4:408:Infinity":157,"s:411:4:411:Infinity":158,"s:412:4:412:Infinity":159,"b:412:75:412:91:412:91:412:106":34,"f:419:22:419:40":14,"s:420:2:425:Infinity":160,"s:421:4:421:Infinity":161,"s:423:4:423:Infinity":162,"s:424:4:424:Infinity":163,"b:424:79:424:95:424:95:424:110":35,"f:431:22:431:41":15,"s:432:2:437:Infinity":164,"s:433:4:433:Infinity":165,"s:435:4:435:Infinity":166,"s:436:4:436:Infinity":167,"b:436:83:436:99:436:99:436:114":36,"f:443:22:443:55":16,"s:444:2:449:Infinity":168,"s:445:4:445:Infinity":169,"s:447:4:447:Infinity":170,"s:448:4:448:Infinity":171,"b:448:70:448:86:448:86:448:101":37,"f:455:22:455:42":17,"s:456:2:461:Infinity":172,"s:457:4:457:Infinity":173,"s:459:4:459:Infinity":174,"s:460:4:460:Infinity":175,"b:460:82:460:98:460:98:460:113":38}}}
,"/Users/ianburke/Documents/GitHub/dad-circles-onboarding/utils/contextAnalytics.ts": {"path":"/Users/ianburke/Documents/GitHub/dad-circles-onboarding/utils/contextAnalytics.ts","statementMap":{"0":{"start":{"line":28,"column":2},"end":{"line":28,"column":null}},"1":{"start":{"line":37,"column":4},"end":{"line":44,"column":null}},"2":{"start":{"line":48,"column":4},"end":{"line":56,"column":null}},"3":{"start":{"line":49,"column":6},"end":{"line":55,"column":null}},"4":{"start":{"line":58,"column":27},"end":{"line":58,"column":null}},"5":{"start":{"line":58,"column":63},"end":{"line":58,"column":93}},"6":{"start":{"line":59,"column":25},"end":{"line":59,"column":null}},"7":{"start":{"line":59,"column":61},"end":{"line":59,"column":90}},"8":{"start":{"line":60,"column":27},"end":{"line":60,"column":null}},"9":{"start":{"line":60,"column":63},"end":{"line":60,"column":96}},"10":{"start":{"line":61,"column":30},"end":{"line":61,"column":null}},"11":{"start":{"line":61,"column":66},"end":{"line":61,"column":91}},"12":{"start":{"line":63,"column":4},"end":{"line":69,"column":null}},"13":{"start":{"line":73,"column":31},"end":{"line":73,"column":null}},"14":{"start":{"line":74,"column":20},"end":{"line":74,"column":null}},"15":{"start":{"line":76,"column":4},"end":{"line":80,"column":null}},"16":{"start":{"line":77,"column":6},"end":{"line":77,"column":null}},"17":{"start":{"line":78,"column":4},"end":{"line":80,"column":null}},"18":{"start":{"line":79,"column":6},"end":{"line":79,"column":null}},"19":{"start":{"line":82,"column":4},"end":{"line":86,"column":null}},"20":{"start":{"line":83,"column":6},"end":{"line":83,"column":null}},"21":{"start":{"line":84,"column":4},"end":{"line":86,"column":null}},"22":{"start":{"line":85,"column":6},"end":{"line":85,"column":null}},"23":{"start":{"line":88,"column":4},"end":{"line":90,"column":null}},"24":{"start":{"line":89,"column":6},"end":{"line":89,"column":null}},"25":{"start":{"line":92,"column":4},"end":{"line":92,"column":null}},"26":{"start":{"line":96,"column":4},"end":{"line":96,"column":null}},"27":{"start":{"line":100,"column":32},"end":{"line":100,"column":null}},"28":{"start":{"line":103,"column":18},"end":{"line":103,"column":null}},"29":{"start":{"line":104,"column":19},"end":{"line":104,"column":null}},"30":{"start":{"line":106,"column":2},"end":{"line":119,"column":null}},"31":{"start":{"line":118,"column":26},"end":{"line":118,"column":40}}},"fnMap":{"0":{"name":"(anonymous_0)","decl":{"start":{"line":27,"column":0},"end":{"line":27,"column":6}},"loc":{"start":{"line":27,"column":0},"end":{"line":28,"column":null}},"line":27},"1":{"name":"(anonymous_1)","decl":{"start":{"line":30,"column":2},"end":{"line":30,"column":null}},"loc":{"start":{"line":36,"column":10},"end":{"line":45,"column":null}},"line":36},"2":{"name":"(anonymous_2)","decl":{"start":{"line":47,"column":2},"end":{"line":47,"column":33}},"loc":{"start":{"line":47,"column":33},"end":{"line":70,"column":null}},"line":47},"3":{"name":"(anonymous_3)","decl":{"start":{"line":58,"column":50},"end":{"line":58,"column":51}},"loc":{"start":{"line":58,"column":63},"end":{"line":58,"column":93}},"line":58},"4":{"name":"(anonymous_4)","decl":{"start":{"line":59,"column":48},"end":{"line":59,"column":49}},"loc":{"start":{"line":59,"column":61},"end":{"line":59,"column":90}},"line":59},"5":{"name":"(anonymous_5)","decl":{"start":{"line":60,"column":50},"end":{"line":60,"column":51}},"loc":{"start":{"line":60,"column":63},"end":{"line":60,"column":96}},"line":60},"6":{"name":"(anonymous_6)","decl":{"start":{"line":61,"column":53},"end":{"line":61,"column":54}},"loc":{"start":{"line":61,"column":66},"end":{"line":61,"column":91}},"line":61},"7":{"name":"(anonymous_7)","decl":{"start":{"line":72,"column":2},"end":{"line":72,"column":26}},"loc":{"start":{"line":72,"column":26},"end":{"line":93,"column":null}},"line":72},"8":{"name":"(anonymous_8)","decl":{"start":{"line":95,"column":2},"end":{"line":95,"column":16}},"loc":{"start":{"line":95,"column":16},"end":{"line":97,"column":null}},"line":95},"9":{"name":"generateContextReport","decl":{"start":{"line":102,"column":16},"end":{"line":102,"column":48}},"loc":{"start":{"line":102,"column":48},"end":{"line":120,"column":null}},"line":102},"10":{"name":"(anonymous_10)","decl":{"start":{"line":118,"column":15},"end":{"line":118,"column":26}},"loc":{"start":{"line":118,"column":26},"end":{"line":118,"column":40}},"line":118}},"branchMap":{"0":{"loc":{"start":{"line":48,"column":4},"end":{"line":56,"column":null}},"type":"if","locations":[{"start":{"line":48,"column":4},"end":{"line":56,"column":null}},{"start":{},"end":{}}],"line":48},"1":{"loc":{"start":{"line":76,"column":4},"end":{"line":80,"column":null}},"type":"if","locations":[{"start":{"line":76,"column":4},"end":{"line":80,"column":null}},{"start":{"line":78,"column":4},"end":{"line":80,"column":null}}],"line":76},"2":{"loc":{"start":{"line":78,"column":4},"end":{"line":80,"column":null}},"type":"if","locations":[{"start":{"line":78,"column":4},"end":{"line":80,"column":null}},{"start":{},"end":{}}],"line":78},"3":{"loc":{"start":{"line":82,"column":4},"end":{"line":86,"column":null}},"type":"if","locations":[{"start":{"line":82,"column":4},"end":{"line":86,"column":null}},{"start":{"line":84,"column":4},"end":{"line":86,"column":null}}],"line":82},"4":{"loc":{"start":{"line":84,"column":4},"end":{"line":86,"column":null}},"type":"if","locations":[{"start":{"line":84,"column":4},"end":{"line":86,"column":null}},{"start":{},"end":{}}],"line":84},"5":{"loc":{"start":{"line":88,"column":4},"end":{"line":90,"column":null}},"type":"if","locations":[{"start":{"line":88,"column":4},"end":{"line":90,"column":null}},{"start":{},"end":{}}],"line":88}},"s":{"0":1,"1":31,"2":20,"3":6,"4":14,"5":33,"6":14,"7":33,"8":14,"9":33,"10":14,"11":33,"12":14,"13":9,"14":9,"15":9,"16":2,"17":7,"18":3,"19":9,"20":1,"21":8,"22":6,"23":9,"24":1,"25":9,"26":16,"27":1,"28":3,"29":3,"30":3,"31":4},"f":{"0":1,"1":31,"2":20,"3":33,"4":33,"5":33,"6":33,"7":9,"8":16,"9":3,"10":4},"b":{"0":[6,14],"1":[2,7],"2":[3,4],"3":[1,8],"4":[6,2],"5":[1,8]},"meta":{"lastBranch":6,"lastFunction":11,"lastStatement":32,"seen":{"f:27:0:27:6":0,"s:28:2:28:Infinity":0,"f:30:2:30:Infinity":1,"s:37:4:44:Infinity":1,"f:47:2:47:33":2,"b:48:4:56:Infinity:undefined:undefined:undefined:undefined":0,"s:48:4:56:Infinity":2,"s:49:6:55:Infinity":3,"s:58:27:58:Infinity":4,"f:58:50:58:51":3,"s:58:63:58:93":5,"s:59:25:59:Infinity":6,"f:59:48:59:49":4,"s:59:61:59:90":7,"s:60:27:60:Infinity":8,"f:60:50:60:51":5,"s:60:63:60:96":9,"s:61:30:61:Infinity":10,"f:61:53:61:54":6,"s:61:66:61:91":11,"s:63:4:69:Infinity":12,"f:72:2:72:26":7,"s:73:31:73:Infinity":13,"s:74:20:74:Infinity":14,"b:76:4:80:Infinity:78:4:80:Infinity":1,"s:76:4:80:Infinity":15,"s:77:6:77:Infinity":16,"b:78:4:80:Infinity:undefined:undefined:undefined:undefined":2,"s:78:4:80:Infinity":17,"s:79:6:79:Infinity":18,"b:82:4:86:Infinity:84:4:86:Infinity":3,"s:82:4:86:Infinity":19,"s:83:6:83:Infinity":20,"b:84:4:86:Infinity:undefined:undefined:undefined:undefined":4,"s:84:4:86:Infinity":21,"s:85:6:85:Infinity":22,"b:88:4:90:Infinity:undefined:undefined:undefined:undefined":5,"s:88:4:90:Infinity":23,"s:89:6:89:Infinity":24,"s:92:4:92:Infinity":25,"f:95:2:95:16":8,"s:96:4:96:Infinity":26,"s:100:32:100:Infinity":27,"f:102:16:102:48":9,"s:103:18:103:Infinity":28,"s:104:19:104:Infinity":29,"s:106:2:119:Infinity":30,"f:118:15:118:26":10,"s:118:26:118:40":31}}}
}
